{"numTotalTestSuites":97,"numPassedTestSuites":88,"numFailedTestSuites":9,"numPendingTestSuites":0,"numTotalTests":371,"numPassedTests":345,"numFailedTests":26,"numPendingTests":0,"numTodoTests":0,"snapshot":{"added":0,"failure":false,"filesAdded":0,"filesRemoved":0,"filesRemovedList":[],"filesUnmatched":0,"filesUpdated":0,"matched":0,"total":0,"unchecked":0,"uncheckedKeysByFile":[],"unmatched":0,"updated":0,"didUpdate":false},"startTime":1750696997616,"success":false,"testResults":[{"assertionResults":[{"ancestorTitles":["App"],"fullName":"App should render main layout for root path","status":"passed","title":"should render main layout for root path","duration":90.97716700000001,"failureMessages":[],"meta":{}},{"ancestorTitles":["App"],"fullName":"App should render VN page for /vns route","status":"passed","title":"should render VN page for /vns route","duration":7.769624999999905,"failureMessages":[],"meta":{}},{"ancestorTitles":["App"],"fullName":"App should render blocks page for /blocks route","status":"passed","title":"should render blocks page for /blocks route","duration":7.914667000000009,"failureMessages":[],"meta":{}},{"ancestorTitles":["App"],"fullName":"App should render block page with custom header for /blocks/:blockHeight route","status":"passed","title":"should render block page with custom header for /blocks/:blockHeight route","duration":6.292582999999922,"failureMessages":[],"meta":{}},{"ancestorTitles":["App"],"fullName":"App should render kernel search page for /kernel_search route","status":"passed","title":"should render kernel search page for /kernel_search route","duration":8.773833000000195,"failureMessages":[],"meta":{}},{"ancestorTitles":["App"],"fullName":"App should render mempool page for /mempool route","status":"passed","title":"should render mempool page for /mempool route","duration":6.656332999999904,"failureMessages":[],"meta":{}},{"ancestorTitles":["App"],"fullName":"App should call setIsMobile when component mounts","status":"passed","title":"should call setIsMobile when component mounts","duration":2.788000000000011,"failureMessages":[],"meta":{}},{"ancestorTitles":["App"],"fullName":"App should detect mobile state using media query","status":"passed","title":"should detect mobile state using media query","duration":17.821290999999746,"failureMessages":[],"meta":{}},{"ancestorTitles":["App"],"fullName":"App should use theme breakpoints for mobile detection","status":"passed","title":"should use theme breakpoints for mobile detection","duration":6.953166999999667,"failureMessages":[],"meta":{}},{"ancestorTitles":["App"],"fullName":"App should handle route parameters correctly","status":"passed","title":"should handle route parameters correctly","duration":6.50066599999991,"failureMessages":[],"meta":{}}],"startTime":1750697000459,"endTime":1750697000622.5007,"status":"passed","message":"","name":"/Users/ric/Desktop/working/explorer-work/src/__tests__/App.test.tsx"},{"assertionResults":[{"ancestorTitles":["main.tsx"],"fullName":"main.tsx should test router configuration concept","status":"passed","title":"should test router configuration concept","duration":3.677208000000064,"failureMessages":[],"meta":{}},{"ancestorTitles":["main.tsx"],"fullName":"main.tsx should render the complete application structure","status":"passed","title":"should render the complete application structure","duration":109.5477079999996,"failureMessages":[],"meta":{}},{"ancestorTitles":["main.tsx"],"fullName":"main.tsx should test ReactQueryDevtools configuration","status":"passed","title":"should test ReactQueryDevtools configuration","duration":0.2659169999997175,"failureMessages":[],"meta":{}},{"ancestorTitles":["main.tsx"],"fullName":"main.tsx should use StrictMode in production setup","status":"passed","title":"should use StrictMode in production setup","duration":2.72329099999979,"failureMessages":[],"meta":{}},{"ancestorTitles":["main.tsx"],"fullName":"main.tsx should have proper dependency structure","status":"passed","title":"should have proper dependency structure","duration":0.3326660000002448,"failureMessages":[],"meta":{}}],"startTime":1750697003012,"endTime":1750697003128.3328,"status":"passed","message":"","name":"/Users/ric/Desktop/working/explorer-work/src/__tests__/main.test.tsx"},{"assertionResults":[{"ancestorTitles":["Logo"],"fullName":"Logo should render SVG logo","status":"passed","title":"should render SVG logo","duration":63.490291999999954,"failureMessages":[],"meta":{}},{"ancestorTitles":["Logo"],"fullName":"Logo should use default fill color when none provided","status":"passed","title":"should use default fill color when none provided","duration":10.539416000000074,"failureMessages":[],"meta":{}},{"ancestorTitles":["Logo"],"fullName":"Logo should use custom fill color when provided","status":"passed","title":"should use custom fill color when provided","duration":28.75716700000021,"failureMessages":[],"meta":{}},{"ancestorTitles":["Logo"],"fullName":"Logo should have correct default dimensions","status":"passed","title":"should have correct default dimensions","duration":4.408582999999908,"failureMessages":[],"meta":{}},{"ancestorTitles":["Logo"],"fullName":"Logo should render without errors when no props provided","status":"passed","title":"should render without errors when no props provided","duration":5.082333999999719,"failureMessages":[],"meta":{}},{"ancestorTitles":["Logo"],"fullName":"Logo should have proper SVG namespace","status":"passed","title":"should have proper SVG namespace","duration":3.390415999999732,"failureMessages":[],"meta":{}}],"startTime":1750697003114,"endTime":1750697003229.3904,"status":"passed","message":"","name":"/Users/ric/Desktop/working/explorer-work/src/assets/__tests__/Logo.test.tsx"},{"assertionResults":[{"ancestorTitles":["BlockExplorerPage"],"fullName":"BlockExplorerPage should render without crashing","status":"passed","title":"should render without crashing","duration":49.29183299999977,"failureMessages":[],"meta":{}},{"ancestorTitles":["BlockExplorerPage"],"fullName":"BlockExplorerPage should render all main sections","status":"passed","title":"should render all main sections","duration":50.21075000000019,"failureMessages":[],"meta":{}},{"ancestorTitles":["BlockExplorerPage"],"fullName":"BlockExplorerPage should render all child components","status":"passed","title":"should render all child components","duration":16.698750000000018,"failureMessages":[],"meta":{}},{"ancestorTitles":["BlockExplorerPage"],"fullName":"BlockExplorerPage should render block times chart with correct props","status":"passed","title":"should render block times chart with correct props","duration":33.719542000000274,"failureMessages":[],"meta":{}},{"ancestorTitles":["BlockExplorerPage"],"fullName":"BlockExplorerPage should render all hash rate charts with correct types","status":"passed","title":"should render all hash rate charts with correct types","duration":16.105167000000165,"failureMessages":[],"meta":{}},{"ancestorTitles":["BlockExplorerPage"],"fullName":"BlockExplorerPage should use theme spacing correctly","status":"passed","title":"should use theme spacing correctly","duration":10.011375000000044,"failureMessages":[],"meta":{}},{"ancestorTitles":["BlockExplorerPage"],"fullName":"BlockExplorerPage should render gradient papers","status":"passed","title":"should render gradient papers","duration":21.25958300000002,"failureMessages":[],"meta":{}},{"ancestorTitles":["BlockExplorerPage"],"fullName":"BlockExplorerPage should render inner headings","status":"passed","title":"should render inner headings","duration":10.41879199999994,"failureMessages":[],"meta":{}},{"ancestorTitles":["BlockExplorerPage"],"fullName":"BlockExplorerPage should have responsive grid layout","status":"passed","title":"should have responsive grid layout","duration":10.134665999999925,"failureMessages":[],"meta":{}},{"ancestorTitles":["BlockExplorerPage"],"fullName":"BlockExplorerPage should render with proper spacing and layout structure","status":"passed","title":"should render with proper spacing and layout structure","duration":7.783582999999908,"failureMessages":[],"meta":{}}],"startTime":1750697000096,"endTime":1750697000321.7837,"status":"passed","message":"","name":"/Users/ric/Desktop/working/explorer-work/src/routes/__tests__/BlockExplorerPage.test.tsx"},{"assertionResults":[{"ancestorTitles":["BlockPage"],"fullName":"BlockPage should render without crashing","status":"passed","title":"should render without crashing","duration":134.3131669999998,"failureMessages":[],"meta":{}},{"ancestorTitles":["BlockPage"],"fullName":"BlockPage should show loading state when data is loading","status":"passed","title":"should show loading state when data is loading","duration":4.1262499999998,"failureMessages":[],"meta":{}},{"ancestorTitles":["BlockPage"],"fullName":"BlockPage should show error state when there is an error","status":"passed","title":"should show error state when there is an error","duration":3.6747080000000096,"failureMessages":[],"meta":{}},{"ancestorTitles":["BlockPage"],"fullName":"BlockPage should show default error message when error has no message","status":"passed","title":"should show default error message when error has no message","duration":2.2064579999996567,"failureMessages":[],"meta":{}},{"ancestorTitles":["BlockPage"],"fullName":"BlockPage should extract block height from URL pathname","status":"passed","title":"should extract block height from URL pathname","duration":6.911333000000013,"failureMessages":[],"meta":{}},{"ancestorTitles":["BlockPage"],"fullName":"BlockPage should render all block components when data is loaded","status":"passed","title":"should render all block components when data is loaded","duration":28.94379200000003,"failureMessages":[],"meta":{}},{"ancestorTitles":["BlockPage"],"fullName":"BlockPage should render block parts search with correct props","status":"passed","title":"should render block parts search with correct props","duration":4.730209000000286,"failureMessages":[],"meta":{}},{"ancestorTitles":["BlockPage"],"fullName":"BlockPage should render block parts with correct types and pagination","status":"passed","title":"should render block parts with correct types and pagination","duration":5.116375000000062,"failureMessages":[],"meta":{}},{"ancestorTitles":["BlockPage"],"fullName":"BlockPage should use theme spacing correctly","status":"passed","title":"should use theme spacing correctly","duration":2.8597500000000764,"failureMessages":[],"meta":{}},{"ancestorTitles":["BlockPage"],"fullName":"BlockPage should render gradient papers for all sections","status":"passed","title":"should render gradient papers for all sections","duration":5.136582999999973,"failureMessages":[],"meta":{}},{"ancestorTitles":["BlockPage"],"fullName":"BlockPage should have responsive grid layout","status":"passed","title":"should have responsive grid layout","duration":3.225750000000062,"failureMessages":[],"meta":{}},{"ancestorTitles":["BlockPage"],"fullName":"BlockPage should handle hash-based block identifiers","status":"passed","title":"should handle hash-based block identifiers","duration":5.897415999999794,"failureMessages":[],"meta":{}}],"startTime":1750697000129,"endTime":1750697000335.8975,"status":"passed","message":"","name":"/Users/ric/Desktop/working/explorer-work/src/routes/__tests__/BlockPage.test.tsx"},{"assertionResults":[{"ancestorTitles":["BlocksPage"],"fullName":"BlocksPage should render without crashing","status":"passed","title":"should render without crashing","duration":61.215082999999595,"failureMessages":[],"meta":{}},{"ancestorTitles":["BlocksPage"],"fullName":"BlocksPage should render block table component","status":"passed","title":"should render block table component","duration":2.1779999999998836,"failureMessages":[],"meta":{}},{"ancestorTitles":["BlocksPage"],"fullName":"BlocksPage should render gradient paper wrapper","status":"passed","title":"should render gradient paper wrapper","duration":4.879917000000205,"failureMessages":[],"meta":{}},{"ancestorTitles":["BlocksPage"],"fullName":"BlocksPage should have proper grid layout structure","status":"passed","title":"should have proper grid layout structure","duration":7.039000000000215,"failureMessages":[],"meta":{}},{"ancestorTitles":["BlocksPage"],"fullName":"BlocksPage should render block table within gradient paper","status":"passed","title":"should render block table within gradient paper","duration":3.6685410000000047,"failureMessages":[],"meta":{}},{"ancestorTitles":["BlocksPage"],"fullName":"BlocksPage should render as a React fragment at root level","status":"passed","title":"should render as a React fragment at root level","duration":3.546708000000308,"failureMessages":[],"meta":{}},{"ancestorTitles":["BlocksPage"],"fullName":"BlocksPage should have full width layout (12 columns across all breakpoints)","status":"passed","title":"should have full width layout (12 columns across all breakpoints)","duration":1.9589169999999285,"failureMessages":[],"meta":{}},{"ancestorTitles":["BlocksPage"],"fullName":"BlocksPage should provide correct component structure","status":"passed","title":"should provide correct component structure","duration":1.6267500000003565,"failureMessages":[],"meta":{}}],"startTime":1750697000297,"endTime":1750697000383.6267,"status":"passed","message":"","name":"/Users/ric/Desktop/working/explorer-work/src/routes/__tests__/BlocksPage.test.tsx"},{"assertionResults":[{"ancestorTitles":["KernelSearchPage"],"fullName":"KernelSearchPage should render without crashing","status":"passed","title":"should render without crashing","duration":161.93770800000038,"failureMessages":[],"meta":{}},{"ancestorTitles":["KernelSearchPage"],"fullName":"KernelSearchPage should show loading state when data is loading","status":"passed","title":"should show loading state when data is loading","duration":5.946875000000091,"failureMessages":[],"meta":{}},{"ancestorTitles":["KernelSearchPage"],"fullName":"KernelSearchPage should show error state when there is an error","status":"passed","title":"should show error state when there is an error","duration":6.874624999999924,"failureMessages":[],"meta":{}},{"ancestorTitles":["KernelSearchPage"],"fullName":"KernelSearchPage should show default error message when error has no message","status":"passed","title":"should show default error message when error has no message","duration":5.580666000000292,"failureMessages":[],"meta":{}},{"ancestorTitles":["KernelSearchPage"],"fullName":"KernelSearchPage should render block table when data is available","status":"passed","title":"should render block table when data is available","duration":7.293333000000075,"failureMessages":[],"meta":{}},{"ancestorTitles":["KernelSearchPage"],"fullName":"KernelSearchPage should parse nonces from URL search params","status":"passed","title":"should parse nonces from URL search params","duration":5.7099169999996775,"failureMessages":[],"meta":{}},{"ancestorTitles":["KernelSearchPage"],"fullName":"KernelSearchPage should parse signatures from URL search params","status":"passed","title":"should parse signatures from URL search params","duration":2.287166999999954,"failureMessages":[],"meta":{}},{"ancestorTitles":["KernelSearchPage"],"fullName":"KernelSearchPage should parse both nonces and signatures from URL","status":"passed","title":"should parse both nonces and signatures from URL","duration":4.114916999999878,"failureMessages":[],"meta":{}},{"ancestorTitles":["KernelSearchPage"],"fullName":"KernelSearchPage should redirect to block page when only one result is found","status":"passed","title":"should redirect to block page when only one result is found","duration":63.09020899999996,"failureMessages":[],"meta":{}},{"ancestorTitles":["KernelSearchPage"],"fullName":"KernelSearchPage should handle empty search parameters","status":"passed","title":"should handle empty search parameters","duration":38.981166999999914,"failureMessages":[],"meta":{}},{"ancestorTitles":["KernelSearchPage"],"fullName":"KernelSearchPage should have proper grid layout structure","status":"passed","title":"should have proper grid layout structure","duration":8.886417000000165,"failureMessages":[],"meta":{}},{"ancestorTitles":["KernelSearchPage"],"fullName":"KernelSearchPage should render with gradient paper wrapper","status":"passed","title":"should render with gradient paper wrapper","duration":19.729499999999916,"failureMessages":[],"meta":{}}],"startTime":1750697003684,"endTime":1750697004014.7295,"status":"passed","message":"","name":"/Users/ric/Desktop/working/explorer-work/src/routes/__tests__/KernelSearchPage.test.tsx"},{"assertionResults":[{"ancestorTitles":["MempoolPage"],"fullName":"MempoolPage should render without crashing","status":"passed","title":"should render without crashing","duration":56.00158300000021,"failureMessages":[],"meta":{}},{"ancestorTitles":["MempoolPage"],"fullName":"MempoolPage should render mempool table component","status":"passed","title":"should render mempool table component","duration":69.10325000000012,"failureMessages":[],"meta":{}},{"ancestorTitles":["MempoolPage"],"fullName":"MempoolPage should render gradient paper wrapper","status":"passed","title":"should render gradient paper wrapper","duration":15.274042000000009,"failureMessages":[],"meta":{}},{"ancestorTitles":["MempoolPage"],"fullName":"MempoolPage should have proper grid layout structure","status":"passed","title":"should have proper grid layout structure","duration":20.28183399999989,"failureMessages":[],"meta":{}},{"ancestorTitles":["MempoolPage"],"fullName":"MempoolPage should render mempool table within gradient paper","status":"passed","title":"should render mempool table within gradient paper","duration":5.43729200000007,"failureMessages":[],"meta":{}},{"ancestorTitles":["MempoolPage"],"fullName":"MempoolPage should render as a React fragment at root level","status":"passed","title":"should render as a React fragment at root level","duration":5.101708000000144,"failureMessages":[],"meta":{}},{"ancestorTitles":["MempoolPage"],"fullName":"MempoolPage should have full width layout (12 columns across all breakpoints)","status":"passed","title":"should have full width layout (12 columns across all breakpoints)","duration":1.7672910000001139,"failureMessages":[],"meta":{}},{"ancestorTitles":["MempoolPage"],"fullName":"MempoolPage should provide correct component structure","status":"passed","title":"should provide correct component structure","duration":6.839249999999993,"failureMessages":[],"meta":{}},{"ancestorTitles":["MempoolPage"],"fullName":"MempoolPage should display mempool data table","status":"passed","title":"should display mempool data table","duration":13.555791999999656,"failureMessages":[],"meta":{}}],"startTime":1750697003863,"endTime":1750697004056.556,"status":"passed","message":"","name":"/Users/ric/Desktop/working/explorer-work/src/routes/__tests__/MempoolPage.test.tsx"},{"assertionResults":[{"ancestorTitles":["VNPage"],"fullName":"VNPage should render without crashing","status":"passed","title":"should render without crashing","duration":71.1239999999998,"failureMessages":[],"meta":{}},{"ancestorTitles":["VNPage"],"fullName":"VNPage should render VN table component","status":"passed","title":"should render VN table component","duration":4.816624999999931,"failureMessages":[],"meta":{}},{"ancestorTitles":["VNPage"],"fullName":"VNPage should render gradient paper wrapper","status":"passed","title":"should render gradient paper wrapper","duration":2.448957999999948,"failureMessages":[],"meta":{}},{"ancestorTitles":["VNPage"],"fullName":"VNPage should have proper grid layout structure","status":"passed","title":"should have proper grid layout structure","duration":8.356333000000177,"failureMessages":[],"meta":{}},{"ancestorTitles":["VNPage"],"fullName":"VNPage should render VN table within gradient paper","status":"passed","title":"should render VN table within gradient paper","duration":2.399499999999989,"failureMessages":[],"meta":{}},{"ancestorTitles":["VNPage"],"fullName":"VNPage should render as a React fragment at root level","status":"passed","title":"should render as a React fragment at root level","duration":4.080249999999978,"failureMessages":[],"meta":{}},{"ancestorTitles":["VNPage"],"fullName":"VNPage should have full width layout (12 columns across all breakpoints)","status":"passed","title":"should have full width layout (12 columns across all breakpoints)","duration":3.6189589999999043,"failureMessages":[],"meta":{}},{"ancestorTitles":["VNPage"],"fullName":"VNPage should provide correct component structure","status":"passed","title":"should provide correct component structure","duration":1.8602920000002996,"failureMessages":[],"meta":{}},{"ancestorTitles":["VNPage"],"fullName":"VNPage should display validator nodes table","status":"passed","title":"should display validator nodes table","duration":2.161333999999897,"failureMessages":[],"meta":{}}],"startTime":1750697003317,"endTime":1750697003418.1614,"status":"passed","message":"","name":"/Users/ric/Desktop/working/explorer-work/src/routes/__tests__/VNPage.test.tsx"},{"assertionResults":[{"ancestorTitles":["CopyToClipboard"],"fullName":"CopyToClipboard should render copy button with tooltip","status":"passed","title":"should render copy button with tooltip","duration":469.90645900000027,"failureMessages":[],"meta":{}},{"ancestorTitles":["CopyToClipboard"],"fullName":"CopyToClipboard should call clipboard.writeText when clicked","status":"passed","title":"should call clipboard.writeText when clicked","duration":48.08916599999975,"failureMessages":[],"meta":{}},{"ancestorTitles":["CopyToClipboard"],"fullName":"CopyToClipboard should update icon aria-label after clicking","status":"passed","title":"should update icon aria-label after clicking","duration":34.64087500000005,"failureMessages":[],"meta":{}},{"ancestorTitles":["CopyToClipboard"],"fullName":"CopyToClipboard should reset tooltip after 2 seconds","status":"passed","title":"should reset tooltip after 2 seconds","duration":40.603250000000116,"failureMessages":[],"meta":{}},{"ancestorTitles":["CopyToClipboard"],"fullName":"CopyToClipboard should apply float right style when floatright prop is true","status":"passed","title":"should apply float right style when floatright prop is true","duration":85.98166600000013,"failureMessages":[],"meta":{}},{"ancestorTitles":["CopyToClipboard"],"fullName":"CopyToClipboard should not apply float right style when floatright prop is false","status":"passed","title":"should not apply float right style when floatright prop is false","duration":8.164792000000034,"failureMessages":[],"meta":{}},{"ancestorTitles":["CopyToClipboard"],"fullName":"CopyToClipboard should not apply float right style when floatright prop is undefined","status":"passed","title":"should not apply float right style when floatright prop is undefined","duration":12.024625000000015,"failureMessages":[],"meta":{}},{"ancestorTitles":["CopyToClipboard"],"fullName":"CopyToClipboard should have correct margins for both float and non-float variants","status":"passed","title":"should have correct margins for both float and non-float variants","duration":63.19087500000023,"failureMessages":[],"meta":{}},{"ancestorTitles":["CopyToClipboard"],"fullName":"CopyToClipboard should handle multiple rapid clicks correctly","status":"passed","title":"should handle multiple rapid clicks correctly","duration":38.227416999999605,"failureMessages":[],"meta":{}},{"ancestorTitles":["CopyToClipboard"],"fullName":"CopyToClipboard should have correct icon size styling","status":"passed","title":"should have correct icon size styling","duration":86.7303750000001,"failureMessages":[],"meta":{}}],"startTime":1750697000973,"endTime":1750697001861.7305,"status":"passed","message":"","name":"/Users/ric/Desktop/working/explorer-work/src/components/__tests__/CopyToClipboard.test.tsx"},{"assertionResults":[{"ancestorTitles":["Error"],"fullName":"Error should render error message","status":"passed","title":"should render error message","duration":172.17654200000015,"failureMessages":[],"meta":{}},{"ancestorTitles":["Error"],"fullName":"Error should render alert with error severity","status":"passed","title":"should render alert with error severity","duration":142.90979200000038,"failureMessages":[],"meta":{}},{"ancestorTitles":["Error"],"fullName":"Error should render alert with outlined variant","status":"passed","title":"should render alert with outlined variant","duration":6.776458000000275,"failureMessages":[],"meta":{}},{"ancestorTitles":["Error"],"fullName":"Error should handle empty message","status":"passed","title":"should handle empty message","duration":10.556916999999885,"failureMessages":[],"meta":{}},{"ancestorTitles":["Error"],"fullName":"Error should handle long error messages","status":"passed","title":"should handle long error messages","duration":3.8427919999999176,"failureMessages":[],"meta":{}},{"ancestorTitles":["Error"],"fullName":"Error should handle special characters in message","status":"passed","title":"should handle special characters in message","duration":10.509000000000015,"failureMessages":[],"meta":{}},{"ancestorTitles":["Error"],"fullName":"Error should be accessible with proper ARIA role","status":"passed","title":"should be accessible with proper ARIA role","duration":17.316459000000123,"failureMessages":[],"meta":{}},{"ancestorTitles":["Error"],"fullName":"Error should accept String type for message prop","status":"passed","title":"should accept String type for message prop","duration":15.39666699999998,"failureMessages":[],"meta":{}}],"startTime":1750697000239,"endTime":1750697000618.3967,"status":"passed","message":"","name":"/Users/ric/Desktop/working/explorer-work/src/components/__tests__/Error.test.tsx"},{"assertionResults":[{"ancestorTitles":["FetchStatusCheck"],"fullName":"FetchStatusCheck should render Loading component when isLoading is true","status":"passed","title":"should render Loading component when isLoading is true","duration":584.8169590000002,"failureMessages":[],"meta":{}},{"ancestorTitles":["FetchStatusCheck"],"fullName":"FetchStatusCheck should render Error component when isError is true","status":"passed","title":"should render Error component when isError is true","duration":229.6949999999997,"failureMessages":[],"meta":{}},{"ancestorTitles":["FetchStatusCheck"],"fullName":"FetchStatusCheck should render null when neither loading nor error","status":"passed","title":"should render null when neither loading nor error","duration":1.4222909999998592,"failureMessages":[],"meta":{}},{"ancestorTitles":["FetchStatusCheck"],"fullName":"FetchStatusCheck should prioritize loading state over error state","status":"passed","title":"should prioritize loading state over error state","duration":11.671499999999924,"failureMessages":[],"meta":{}},{"ancestorTitles":["FetchStatusCheck"],"fullName":"FetchStatusCheck should handle empty error message","status":"passed","title":"should handle empty error message","duration":18.504459000000224,"failureMessages":[],"meta":{}},{"ancestorTitles":["FetchStatusCheck"],"fullName":"FetchStatusCheck should handle long error messages","status":"passed","title":"should handle long error messages","duration":11.494000000000142,"failureMessages":[],"meta":{}},{"ancestorTitles":["FetchStatusCheck"],"fullName":"FetchStatusCheck should not render anything when all states are false","status":"passed","title":"should not render anything when all states are false","duration":3.494916000000103,"failureMessages":[],"meta":{}},{"ancestorTitles":["FetchStatusCheck"],"fullName":"FetchStatusCheck should handle special characters in error message","status":"passed","title":"should handle special characters in error message","duration":7.393875000000207,"failureMessages":[],"meta":{}},{"ancestorTitles":["FetchStatusCheck"],"fullName":"FetchStatusCheck should be accessible with proper ARIA roles","status":"passed","title":"should be accessible with proper ARIA roles","duration":75.28395799999998,"failureMessages":[],"meta":{}}],"startTime":1750697000361,"endTime":1750697001305.284,"status":"passed","message":"","name":"/Users/ric/Desktop/working/explorer-work/src/components/__tests__/FetchStatusCheck.test.tsx"},{"assertionResults":[{"ancestorTitles":["Loading"],"fullName":"Loading should render circular progress indicator","status":"passed","title":"should render circular progress indicator","duration":274.33783399999993,"failureMessages":[],"meta":{}},{"ancestorTitles":["Loading"],"fullName":"Loading should have centered layout styles","status":"passed","title":"should have centered layout styles","duration":8.782750000000306,"failureMessages":[],"meta":{}},{"ancestorTitles":["Loading"],"fullName":"Loading should render without any props","status":"passed","title":"should render without any props","duration":5.856709000000137,"failureMessages":[],"meta":{}},{"ancestorTitles":["Loading"],"fullName":"Loading should be accessible with proper ARIA role","status":"passed","title":"should be accessible with proper ARIA role","duration":7.64587500000016,"failureMessages":[],"meta":{}},{"ancestorTitles":["Loading"],"fullName":"Loading should contain CircularProgress component","status":"passed","title":"should contain CircularProgress component","duration":14.981708000000253,"failureMessages":[],"meta":{}}],"startTime":1750697000238,"endTime":1750697000549.9817,"status":"passed","message":"","name":"/Users/ric/Desktop/working/explorer-work/src/components/__tests__/Loading.test.tsx"},{"assertionResults":[{"ancestorTitles":["BlockTimes"],"fullName":"BlockTimes should render loading state","status":"failed","title":"should render loading state","duration":90.45683299999973,"failureMessages":["TestingLibraryElementError: Unable to find an element by: [data-testid=\"transparent-bg\"]\n\nIgnored nodes: comments, script, style\n\u001b[36m<body>\u001b[39m\n  \u001b[36m<div>\u001b[39m\n    \u001b[36m<div>\u001b[39m\n      \u001b[36m<div\u001b[39m\n        \u001b[33mdata-height\u001b[39m=\u001b[32m\"300\"\u001b[39m\n        \u001b[33mdata-testid\u001b[39m=\u001b[32m\"skeleton\"\u001b[39m\n        \u001b[33mdata-variant\u001b[39m=\u001b[32m\"rounded\"\u001b[39m\n      \u001b[36m>\u001b[39m\n        \u001b[0mLoading...\u001b[0m\n      \u001b[36m</div>\u001b[39m\n    \u001b[36m</div>\u001b[39m\n  \u001b[36m</div>\u001b[39m\n\u001b[36m</body>\u001b[39m\n    at Object.getElementError (/Users/ric/Desktop/working/explorer-work/node_modules/@testing-library/dom/dist/config.js:37:19)\n    at /Users/ric/Desktop/working/explorer-work/node_modules/@testing-library/dom/dist/query-helpers.js:76:38\n    at /Users/ric/Desktop/working/explorer-work/node_modules/@testing-library/dom/dist/query-helpers.js:52:17\n    at /Users/ric/Desktop/working/explorer-work/node_modules/@testing-library/dom/dist/query-helpers.js:95:19\n    at /Users/ric/Desktop/working/explorer-work/src/components/Charts/__tests__/BlockTimes.test.tsx:150:19\n    at file:///Users/ric/Desktop/working/explorer-work/node_modules/@vitest/runner/dist/chunk-hooks.js:155:11\n    at file:///Users/ric/Desktop/working/explorer-work/node_modules/@vitest/runner/dist/chunk-hooks.js:752:26\n    at file:///Users/ric/Desktop/working/explorer-work/node_modules/@vitest/runner/dist/chunk-hooks.js:1897:20\n    at new Promise (<anonymous>)\n    at runWithTimeout (file:///Users/ric/Desktop/working/explorer-work/node_modules/@vitest/runner/dist/chunk-hooks.js:1863:10)"],"meta":{}},{"ancestorTitles":["BlockTimes"],"fullName":"BlockTimes should render error state","status":"passed","title":"should render error state","duration":7.408583999999792,"failureMessages":[],"meta":{}},{"ancestorTitles":["BlockTimes"],"fullName":"BlockTimes should render chart for All type","status":"passed","title":"should render chart for All type","duration":21.95279199999959,"failureMessages":[],"meta":{}},{"ancestorTitles":["BlockTimes"],"fullName":"BlockTimes should render chart for RandomX type","status":"failed","title":"should render chart for RandomX type","duration":8.986625000000004,"failureMessages":["AssertionError: expected [ '299940,1.2', '299941,1.8', …(1) ] to deeply equal [ Array(3) ]\n    at /Users/ric/Desktop/working/explorer-work/src/components/Charts/__tests__/BlockTimes.test.tsx:221:35\n    at file:///Users/ric/Desktop/working/explorer-work/node_modules/@vitest/runner/dist/chunk-hooks.js:155:11\n    at file:///Users/ric/Desktop/working/explorer-work/node_modules/@vitest/runner/dist/chunk-hooks.js:752:26\n    at file:///Users/ric/Desktop/working/explorer-work/node_modules/@vitest/runner/dist/chunk-hooks.js:1897:20\n    at new Promise (<anonymous>)\n    at runWithTimeout (file:///Users/ric/Desktop/working/explorer-work/node_modules/@vitest/runner/dist/chunk-hooks.js:1863:10)\n    at runTest (file:///Users/ric/Desktop/working/explorer-work/node_modules/@vitest/runner/dist/chunk-hooks.js:1574:12)\n    at processTicksAndRejections (node:internal/process/task_queues:105:5)\n    at runSuite (file:///Users/ric/Desktop/working/explorer-work/node_modules/@vitest/runner/dist/chunk-hooks.js:1729:8)\n    at runSuite (file:///Users/ric/Desktop/working/explorer-work/node_modules/@vitest/runner/dist/chunk-hooks.js:1729:8)"],"meta":{}},{"ancestorTitles":["BlockTimes"],"fullName":"BlockTimes should render chart for Sha3 type","status":"failed","title":"should render chart for Sha3 type","duration":13.699874999999793,"failureMessages":["AssertionError: expected [ '299940,2.1', '299941,2.5', …(1) ] to deeply equal [ Array(3) ]\n    at /Users/ric/Desktop/working/explorer-work/src/components/Charts/__tests__/BlockTimes.test.tsx:246:35\n    at file:///Users/ric/Desktop/working/explorer-work/node_modules/@vitest/runner/dist/chunk-hooks.js:155:11\n    at file:///Users/ric/Desktop/working/explorer-work/node_modules/@vitest/runner/dist/chunk-hooks.js:752:26\n    at file:///Users/ric/Desktop/working/explorer-work/node_modules/@vitest/runner/dist/chunk-hooks.js:1897:20\n    at new Promise (<anonymous>)\n    at runWithTimeout (file:///Users/ric/Desktop/working/explorer-work/node_modules/@vitest/runner/dist/chunk-hooks.js:1863:10)\n    at runTest (file:///Users/ric/Desktop/working/explorer-work/node_modules/@vitest/runner/dist/chunk-hooks.js:1574:12)\n    at processTicksAndRejections (node:internal/process/task_queues:105:5)\n    at runSuite (file:///Users/ric/Desktop/working/explorer-work/node_modules/@vitest/runner/dist/chunk-hooks.js:1729:8)\n    at runSuite (file:///Users/ric/Desktop/working/explorer-work/node_modules/@vitest/runner/dist/chunk-hooks.js:1729:8)"],"meta":{}},{"ancestorTitles":["BlockTimes"],"fullName":"BlockTimes should configure chart with proper options","status":"failed","title":"should configure chart with proper options","duration":7.428082999999788,"failureMessages":["AssertionError: expected '2%' to be '0%' // Object.is equality\n    at /Users/ric/Desktop/working/explorer-work/src/components/Charts/__tests__/BlockTimes.test.tsx:273:30\n    at file:///Users/ric/Desktop/working/explorer-work/node_modules/@vitest/runner/dist/chunk-hooks.js:155:11\n    at file:///Users/ric/Desktop/working/explorer-work/node_modules/@vitest/runner/dist/chunk-hooks.js:752:26\n    at file:///Users/ric/Desktop/working/explorer-work/node_modules/@vitest/runner/dist/chunk-hooks.js:1897:20\n    at new Promise (<anonymous>)\n    at runWithTimeout (file:///Users/ric/Desktop/working/explorer-work/node_modules/@vitest/runner/dist/chunk-hooks.js:1863:10)\n    at runTest (file:///Users/ric/Desktop/working/explorer-work/node_modules/@vitest/runner/dist/chunk-hooks.js:1574:12)\n    at processTicksAndRejections (node:internal/process/task_queues:105:5)\n    at runSuite (file:///Users/ric/Desktop/working/explorer-work/node_modules/@vitest/runner/dist/chunk-hooks.js:1729:8)\n    at runSuite (file:///Users/ric/Desktop/working/explorer-work/node_modules/@vitest/runner/dist/chunk-hooks.js:1729:8)"],"meta":{}},{"ancestorTitles":["BlockTimes"],"fullName":"BlockTimes should handle chart dimensions and styling","status":"failed","title":"should handle chart dimensions and styling","duration":2.7736250000002656,"failureMessages":["AssertionError: expected '' to be '400px' // Object.is equality\n    at /Users/ric/Desktop/working/explorer-work/src/components/Charts/__tests__/BlockTimes.test.tsx:307:32\n    at file:///Users/ric/Desktop/working/explorer-work/node_modules/@vitest/runner/dist/chunk-hooks.js:155:11\n    at file:///Users/ric/Desktop/working/explorer-work/node_modules/@vitest/runner/dist/chunk-hooks.js:752:26\n    at file:///Users/ric/Desktop/working/explorer-work/node_modules/@vitest/runner/dist/chunk-hooks.js:1897:20\n    at new Promise (<anonymous>)\n    at runWithTimeout (file:///Users/ric/Desktop/working/explorer-work/node_modules/@vitest/runner/dist/chunk-hooks.js:1863:10)\n    at runTest (file:///Users/ric/Desktop/working/explorer-work/node_modules/@vitest/runner/dist/chunk-hooks.js:1574:12)\n    at processTicksAndRejections (node:internal/process/task_queues:105:5)\n    at runSuite (file:///Users/ric/Desktop/working/explorer-work/node_modules/@vitest/runner/dist/chunk-hooks.js:1729:8)\n    at runSuite (file:///Users/ric/Desktop/working/explorer-work/node_modules/@vitest/runner/dist/chunk-hooks.js:1729:8)"],"meta":{}},{"ancestorTitles":["BlockTimes"],"fullName":"BlockTimes should handle missing or empty data gracefully","status":"passed","title":"should handle missing or empty data gracefully","duration":2.035417000000052,"failureMessages":[],"meta":{}},{"ancestorTitles":["BlockTimes"],"fullName":"BlockTimes should use correct colors for different types","status":"failed","title":"should use correct colors for different types","duration":3.8291250000002037,"failureMessages":["TypeError: Cannot read properties of undefined (reading 'color')\n    at /Users/ric/Desktop/working/explorer-work/src/components/Charts/__tests__/BlockTimes.test.tsx:354:39\n    at file:///Users/ric/Desktop/working/explorer-work/node_modules/@vitest/runner/dist/chunk-hooks.js:155:11\n    at file:///Users/ric/Desktop/working/explorer-work/node_modules/@vitest/runner/dist/chunk-hooks.js:752:26\n    at file:///Users/ric/Desktop/working/explorer-work/node_modules/@vitest/runner/dist/chunk-hooks.js:1897:20\n    at new Promise (<anonymous>)\n    at runWithTimeout (file:///Users/ric/Desktop/working/explorer-work/node_modules/@vitest/runner/dist/chunk-hooks.js:1863:10)\n    at runTest (file:///Users/ric/Desktop/working/explorer-work/node_modules/@vitest/runner/dist/chunk-hooks.js:1574:12)\n    at processTicksAndRejections (node:internal/process/task_queues:105:5)\n    at runSuite (file:///Users/ric/Desktop/working/explorer-work/node_modules/@vitest/runner/dist/chunk-hooks.js:1729:8)\n    at runSuite (file:///Users/ric/Desktop/working/explorer-work/node_modules/@vitest/runner/dist/chunk-hooks.js:1729:8)"],"meta":{}},{"ancestorTitles":["BlockTimes"],"fullName":"BlockTimes should configure axis properly","status":"failed","title":"should configure axis properly","duration":5.1362920000001395,"failureMessages":["AssertionError: expected 'category' to be 'value' // Object.is equality\n    at /Users/ric/Desktop/working/explorer-work/src/components/Charts/__tests__/BlockTimes.test.tsx:386:31\n    at file:///Users/ric/Desktop/working/explorer-work/node_modules/@vitest/runner/dist/chunk-hooks.js:155:11\n    at file:///Users/ric/Desktop/working/explorer-work/node_modules/@vitest/runner/dist/chunk-hooks.js:752:26\n    at file:///Users/ric/Desktop/working/explorer-work/node_modules/@vitest/runner/dist/chunk-hooks.js:1897:20\n    at new Promise (<anonymous>)\n    at runWithTimeout (file:///Users/ric/Desktop/working/explorer-work/node_modules/@vitest/runner/dist/chunk-hooks.js:1863:10)\n    at runTest (file:///Users/ric/Desktop/working/explorer-work/node_modules/@vitest/runner/dist/chunk-hooks.js:1574:12)\n    at processTicksAndRejections (node:internal/process/task_queues:105:5)\n    at runSuite (file:///Users/ric/Desktop/working/explorer-work/node_modules/@vitest/runner/dist/chunk-hooks.js:1729:8)\n    at runSuite (file:///Users/ric/Desktop/working/explorer-work/node_modules/@vitest/runner/dist/chunk-hooks.js:1729:8)"],"meta":{}},{"ancestorTitles":["BlockTimes"],"fullName":"BlockTimes should set proper chart name based on type","status":"passed","title":"should set proper chart name based on type","duration":6.596708000000035,"failureMessages":[],"meta":{}}],"startTime":1750696999967,"endTime":1750697000137.5967,"status":"failed","message":"","name":"/Users/ric/Desktop/working/explorer-work/src/components/Charts/__tests__/BlockTimes.test.tsx"},{"assertionResults":[{"ancestorTitles":["HashRates"],"fullName":"HashRates should render loading state","status":"failed","title":"should render loading state","duration":158.1690840000001,"failureMessages":["TestingLibraryElementError: Unable to find an element by: [data-testid=\"transparent-bg\"]\n\nIgnored nodes: comments, script, style\n\u001b[36m<body>\u001b[39m\n  \u001b[36m<div>\u001b[39m\n    \u001b[36m<div>\u001b[39m\n      \u001b[36m<div\u001b[39m\n        \u001b[33mdata-height\u001b[39m=\u001b[32m\"300\"\u001b[39m\n        \u001b[33mdata-testid\u001b[39m=\u001b[32m\"skeleton\"\u001b[39m\n        \u001b[33mdata-variant\u001b[39m=\u001b[32m\"rounded\"\u001b[39m\n      \u001b[36m>\u001b[39m\n        \u001b[0mLoading...\u001b[0m\n      \u001b[36m</div>\u001b[39m\n    \u001b[36m</div>\u001b[39m\n  \u001b[36m</div>\u001b[39m\n\u001b[36m</body>\u001b[39m\n    at Object.getElementError (/Users/ric/Desktop/working/explorer-work/node_modules/@testing-library/dom/dist/config.js:37:19)\n    at /Users/ric/Desktop/working/explorer-work/node_modules/@testing-library/dom/dist/query-helpers.js:76:38\n    at /Users/ric/Desktop/working/explorer-work/node_modules/@testing-library/dom/dist/query-helpers.js:52:17\n    at /Users/ric/Desktop/working/explorer-work/node_modules/@testing-library/dom/dist/query-helpers.js:95:19\n    at /Users/ric/Desktop/working/explorer-work/src/components/Charts/__tests__/HashRates.test.tsx:140:19\n    at file:///Users/ric/Desktop/working/explorer-work/node_modules/@vitest/runner/dist/chunk-hooks.js:155:11\n    at file:///Users/ric/Desktop/working/explorer-work/node_modules/@vitest/runner/dist/chunk-hooks.js:752:26\n    at file:///Users/ric/Desktop/working/explorer-work/node_modules/@vitest/runner/dist/chunk-hooks.js:1897:20\n    at new Promise (<anonymous>)\n    at runWithTimeout (file:///Users/ric/Desktop/working/explorer-work/node_modules/@vitest/runner/dist/chunk-hooks.js:1863:10)"],"meta":{}},{"ancestorTitles":["HashRates"],"fullName":"HashRates should render error state","status":"passed","title":"should render error state","duration":5.739207999999962,"failureMessages":[],"meta":{}},{"ancestorTitles":["HashRates"],"fullName":"HashRates should render chart for RandomX type","status":"failed","title":"should render chart for RandomX type","duration":3.8477499999999054,"failureMessages":["TypeError: Cannot read properties of undefined (reading 'color')\n    at /Users/ric/Desktop/working/explorer-work/src/components/Charts/__tests__/HashRates.test.tsx:188:39\n    at file:///Users/ric/Desktop/working/explorer-work/node_modules/@vitest/runner/dist/chunk-hooks.js:155:11\n    at file:///Users/ric/Desktop/working/explorer-work/node_modules/@vitest/runner/dist/chunk-hooks.js:752:26\n    at file:///Users/ric/Desktop/working/explorer-work/node_modules/@vitest/runner/dist/chunk-hooks.js:1897:20\n    at new Promise (<anonymous>)\n    at runWithTimeout (file:///Users/ric/Desktop/working/explorer-work/node_modules/@vitest/runner/dist/chunk-hooks.js:1863:10)\n    at runTest (file:///Users/ric/Desktop/working/explorer-work/node_modules/@vitest/runner/dist/chunk-hooks.js:1574:12)\n    at processTicksAndRejections (node:internal/process/task_queues:105:5)\n    at runSuite (file:///Users/ric/Desktop/working/explorer-work/node_modules/@vitest/runner/dist/chunk-hooks.js:1729:8)\n    at runSuite (file:///Users/ric/Desktop/working/explorer-work/node_modules/@vitest/runner/dist/chunk-hooks.js:1729:8)"],"meta":{}},{"ancestorTitles":["HashRates"],"fullName":"HashRates should render chart for Sha3 type","status":"failed","title":"should render chart for Sha3 type","duration":3.1801660000000993,"failureMessages":["TypeError: Cannot read properties of undefined (reading 'color')\n    at /Users/ric/Desktop/working/explorer-work/src/components/Charts/__tests__/HashRates.test.tsx:210:39\n    at file:///Users/ric/Desktop/working/explorer-work/node_modules/@vitest/runner/dist/chunk-hooks.js:155:11\n    at file:///Users/ric/Desktop/working/explorer-work/node_modules/@vitest/runner/dist/chunk-hooks.js:752:26\n    at file:///Users/ric/Desktop/working/explorer-work/node_modules/@vitest/runner/dist/chunk-hooks.js:1897:20\n    at new Promise (<anonymous>)\n    at runWithTimeout (file:///Users/ric/Desktop/working/explorer-work/node_modules/@vitest/runner/dist/chunk-hooks.js:1863:10)\n    at runTest (file:///Users/ric/Desktop/working/explorer-work/node_modules/@vitest/runner/dist/chunk-hooks.js:1574:12)\n    at processTicksAndRejections (node:internal/process/task_queues:105:5)\n    at runSuite (file:///Users/ric/Desktop/working/explorer-work/node_modules/@vitest/runner/dist/chunk-hooks.js:1729:8)\n    at runSuite (file:///Users/ric/Desktop/working/explorer-work/node_modules/@vitest/runner/dist/chunk-hooks.js:1729:8)"],"meta":{}},{"ancestorTitles":["HashRates"],"fullName":"HashRates should render chart for TariRandomX type with default color","status":"failed","title":"should render chart for TariRandomX type with default color","duration":8.919208000000253,"failureMessages":["TypeError: Cannot read properties of undefined (reading 'color')\n    at /Users/ric/Desktop/working/explorer-work/src/components/Charts/__tests__/HashRates.test.tsx:232:39\n    at file:///Users/ric/Desktop/working/explorer-work/node_modules/@vitest/runner/dist/chunk-hooks.js:155:11\n    at file:///Users/ric/Desktop/working/explorer-work/node_modules/@vitest/runner/dist/chunk-hooks.js:752:26\n    at file:///Users/ric/Desktop/working/explorer-work/node_modules/@vitest/runner/dist/chunk-hooks.js:1897:20\n    at new Promise (<anonymous>)\n    at runWithTimeout (file:///Users/ric/Desktop/working/explorer-work/node_modules/@vitest/runner/dist/chunk-hooks.js:1863:10)\n    at runTest (file:///Users/ric/Desktop/working/explorer-work/node_modules/@vitest/runner/dist/chunk-hooks.js:1574:12)\n    at processTicksAndRejections (node:internal/process/task_queues:105:5)\n    at runSuite (file:///Users/ric/Desktop/working/explorer-work/node_modules/@vitest/runner/dist/chunk-hooks.js:1729:8)\n    at runSuite (file:///Users/ric/Desktop/working/explorer-work/node_modules/@vitest/runner/dist/chunk-hooks.js:1729:8)"],"meta":{}},{"ancestorTitles":["HashRates"],"fullName":"HashRates should configure chart with proper options","status":"failed","title":"should configure chart with proper options","duration":13.90645799999993,"failureMessages":["AssertionError: expected undefined to be false // Object.is equality\n    at /Users/ric/Desktop/working/explorer-work/src/components/Charts/__tests__/HashRates.test.tsx:253:30\n    at file:///Users/ric/Desktop/working/explorer-work/node_modules/@vitest/runner/dist/chunk-hooks.js:155:11\n    at file:///Users/ric/Desktop/working/explorer-work/node_modules/@vitest/runner/dist/chunk-hooks.js:752:26\n    at file:///Users/ric/Desktop/working/explorer-work/node_modules/@vitest/runner/dist/chunk-hooks.js:1897:20\n    at new Promise (<anonymous>)\n    at runWithTimeout (file:///Users/ric/Desktop/working/explorer-work/node_modules/@vitest/runner/dist/chunk-hooks.js:1863:10)\n    at runTest (file:///Users/ric/Desktop/working/explorer-work/node_modules/@vitest/runner/dist/chunk-hooks.js:1574:12)\n    at processTicksAndRejections (node:internal/process/task_queues:105:5)\n    at runSuite (file:///Users/ric/Desktop/working/explorer-work/node_modules/@vitest/runner/dist/chunk-hooks.js:1729:8)\n    at runSuite (file:///Users/ric/Desktop/working/explorer-work/node_modules/@vitest/runner/dist/chunk-hooks.js:1729:8)"],"meta":{}},{"ancestorTitles":["HashRates"],"fullName":"HashRates should handle chart dimensions and styling","status":"failed","title":"should handle chart dimensions and styling","duration":11.303249999999935,"failureMessages":["AssertionError: expected '' to be '400px' // Object.is equality\n    at /Users/ric/Desktop/working/explorer-work/src/components/Charts/__tests__/HashRates.test.tsx:289:32\n    at file:///Users/ric/Desktop/working/explorer-work/node_modules/@vitest/runner/dist/chunk-hooks.js:155:11\n    at file:///Users/ric/Desktop/working/explorer-work/node_modules/@vitest/runner/dist/chunk-hooks.js:752:26\n    at file:///Users/ric/Desktop/working/explorer-work/node_modules/@vitest/runner/dist/chunk-hooks.js:1897:20\n    at new Promise (<anonymous>)\n    at runWithTimeout (file:///Users/ric/Desktop/working/explorer-work/node_modules/@vitest/runner/dist/chunk-hooks.js:1863:10)\n    at runTest (file:///Users/ric/Desktop/working/explorer-work/node_modules/@vitest/runner/dist/chunk-hooks.js:1574:12)\n    at processTicksAndRejections (node:internal/process/task_queues:105:5)\n    at runSuite (file:///Users/ric/Desktop/working/explorer-work/node_modules/@vitest/runner/dist/chunk-hooks.js:1729:8)\n    at runSuite (file:///Users/ric/Desktop/working/explorer-work/node_modules/@vitest/runner/dist/chunk-hooks.js:1729:8)"],"meta":{}},{"ancestorTitles":["HashRates"],"fullName":"HashRates should configure axis properly","status":"failed","title":"should configure axis properly","duration":11.491125000000011,"failureMessages":["AssertionError: expected 'category' to be 'value' // Object.is equality\n    at /Users/ric/Desktop/working/explorer-work/src/components/Charts/__tests__/HashRates.test.tsx:311:31\n    at file:///Users/ric/Desktop/working/explorer-work/node_modules/@vitest/runner/dist/chunk-hooks.js:155:11\n    at file:///Users/ric/Desktop/working/explorer-work/node_modules/@vitest/runner/dist/chunk-hooks.js:752:26\n    at file:///Users/ric/Desktop/working/explorer-work/node_modules/@vitest/runner/dist/chunk-hooks.js:1897:20\n    at new Promise (<anonymous>)\n    at runWithTimeout (file:///Users/ric/Desktop/working/explorer-work/node_modules/@vitest/runner/dist/chunk-hooks.js:1863:10)\n    at runTest (file:///Users/ric/Desktop/working/explorer-work/node_modules/@vitest/runner/dist/chunk-hooks.js:1574:12)\n    at processTicksAndRejections (node:internal/process/task_queues:105:5)\n    at runSuite (file:///Users/ric/Desktop/working/explorer-work/node_modules/@vitest/runner/dist/chunk-hooks.js:1729:8)\n    at runSuite (file:///Users/ric/Desktop/working/explorer-work/node_modules/@vitest/runner/dist/chunk-hooks.js:1729:8)"],"meta":{}},{"ancestorTitles":["HashRates"],"fullName":"HashRates should handle missing or empty data gracefully","status":"passed","title":"should handle missing or empty data gracefully","duration":3.6222090000001117,"failureMessages":[],"meta":{}},{"ancestorTitles":["HashRates"],"fullName":"HashRates should use formatHash helper for tooltip formatting","status":"failed","title":"should use formatHash helper for tooltip formatting","duration":6.017416000000139,"failureMessages":["AssertionError: expected undefined to be defined\n    at /Users/ric/Desktop/working/explorer-work/src/components/Charts/__tests__/HashRates.test.tsx:365:38\n    at file:///Users/ric/Desktop/working/explorer-work/node_modules/@vitest/runner/dist/chunk-hooks.js:155:11\n    at file:///Users/ric/Desktop/working/explorer-work/node_modules/@vitest/runner/dist/chunk-hooks.js:752:26\n    at file:///Users/ric/Desktop/working/explorer-work/node_modules/@vitest/runner/dist/chunk-hooks.js:1897:20\n    at new Promise (<anonymous>)\n    at runWithTimeout (file:///Users/ric/Desktop/working/explorer-work/node_modules/@vitest/runner/dist/chunk-hooks.js:1863:10)\n    at runTest (file:///Users/ric/Desktop/working/explorer-work/node_modules/@vitest/runner/dist/chunk-hooks.js:1574:12)\n    at processTicksAndRejections (node:internal/process/task_queues:105:5)\n    at runSuite (file:///Users/ric/Desktop/working/explorer-work/node_modules/@vitest/runner/dist/chunk-hooks.js:1729:8)\n    at runSuite (file:///Users/ric/Desktop/working/explorer-work/node_modules/@vitest/runner/dist/chunk-hooks.js:1729:8)"],"meta":{}},{"ancestorTitles":["HashRates"],"fullName":"HashRates should set proper zoom configuration","status":"failed","title":"should set proper zoom configuration","duration":8.165707999999995,"failureMessages":["AssertionError: expected 180 to be less than or equal to 100\n    at /Users/ric/Desktop/working/explorer-work/src/components/Charts/__tests__/HashRates.test.tsx:392:28\n    at file:///Users/ric/Desktop/working/explorer-work/node_modules/@vitest/runner/dist/chunk-hooks.js:155:11\n    at file:///Users/ric/Desktop/working/explorer-work/node_modules/@vitest/runner/dist/chunk-hooks.js:752:26\n    at file:///Users/ric/Desktop/working/explorer-work/node_modules/@vitest/runner/dist/chunk-hooks.js:1897:20\n    at new Promise (<anonymous>)\n    at runWithTimeout (file:///Users/ric/Desktop/working/explorer-work/node_modules/@vitest/runner/dist/chunk-hooks.js:1863:10)\n    at runTest (file:///Users/ric/Desktop/working/explorer-work/node_modules/@vitest/runner/dist/chunk-hooks.js:1574:12)\n    at processTicksAndRejections (node:internal/process/task_queues:105:5)\n    at runSuite (file:///Users/ric/Desktop/working/explorer-work/node_modules/@vitest/runner/dist/chunk-hooks.js:1729:8)\n    at runSuite (file:///Users/ric/Desktop/working/explorer-work/node_modules/@vitest/runner/dist/chunk-hooks.js:1729:8)"],"meta":{}}],"startTime":1750696999888,"endTime":1750697000122.1658,"status":"failed","message":"","name":"/Users/ric/Desktop/working/explorer-work/src/components/Charts/__tests__/HashRates.test.tsx"},{"assertionResults":[{"ancestorTitles":["POWChart"],"fullName":"POWChart should render loading state","status":"failed","title":"should render loading state","duration":80.46895899999981,"failureMessages":["TestingLibraryElementError: Unable to find an element by: [data-testid=\"transparent-bg\"]\n\nIgnored nodes: comments, script, style\n\u001b[36m<body>\u001b[39m\n  \u001b[36m<div>\u001b[39m\n    \u001b[36m<div>\u001b[39m\n      \u001b[36m<div\u001b[39m\n        \u001b[33mdata-height\u001b[39m=\u001b[32m\"300\"\u001b[39m\n        \u001b[33mdata-testid\u001b[39m=\u001b[32m\"skeleton\"\u001b[39m\n        \u001b[33mdata-variant\u001b[39m=\u001b[32m\"rounded\"\u001b[39m\n      \u001b[36m>\u001b[39m\n        \u001b[0mLoading...\u001b[0m\n      \u001b[36m</div>\u001b[39m\n    \u001b[36m</div>\u001b[39m\n  \u001b[36m</div>\u001b[39m\n\u001b[36m</body>\u001b[39m\n    at Object.getElementError (/Users/ric/Desktop/working/explorer-work/node_modules/@testing-library/dom/dist/config.js:37:19)\n    at /Users/ric/Desktop/working/explorer-work/node_modules/@testing-library/dom/dist/query-helpers.js:76:38\n    at /Users/ric/Desktop/working/explorer-work/node_modules/@testing-library/dom/dist/query-helpers.js:52:17\n    at /Users/ric/Desktop/working/explorer-work/node_modules/@testing-library/dom/dist/query-helpers.js:95:19\n    at /Users/ric/Desktop/working/explorer-work/src/components/Charts/__tests__/POWChart.test.tsx:130:19\n    at file:///Users/ric/Desktop/working/explorer-work/node_modules/@vitest/runner/dist/chunk-hooks.js:155:11\n    at file:///Users/ric/Desktop/working/explorer-work/node_modules/@vitest/runner/dist/chunk-hooks.js:752:26\n    at file:///Users/ric/Desktop/working/explorer-work/node_modules/@vitest/runner/dist/chunk-hooks.js:1897:20\n    at new Promise (<anonymous>)\n    at runWithTimeout (file:///Users/ric/Desktop/working/explorer-work/node_modules/@vitest/runner/dist/chunk-hooks.js:1863:10)"],"meta":{}},{"ancestorTitles":["POWChart"],"fullName":"POWChart should render error state","status":"passed","title":"should render error state","duration":9.154291999999714,"failureMessages":[],"meta":{}},{"ancestorTitles":["POWChart"],"fullName":"POWChart should render pie chart with POW data","status":"failed","title":"should render pie chart with POW data","duration":7.4040829999999005,"failureMessages":["AssertionError: expected 'bar' to be 'pie' // Object.is equality\n    at /Users/ric/Desktop/working/explorer-work/src/components/Charts/__tests__/POWChart.test.tsx:177:35\n    at file:///Users/ric/Desktop/working/explorer-work/node_modules/@vitest/runner/dist/chunk-hooks.js:155:11\n    at file:///Users/ric/Desktop/working/explorer-work/node_modules/@vitest/runner/dist/chunk-hooks.js:752:26\n    at file:///Users/ric/Desktop/working/explorer-work/node_modules/@vitest/runner/dist/chunk-hooks.js:1897:20\n    at new Promise (<anonymous>)\n    at runWithTimeout (file:///Users/ric/Desktop/working/explorer-work/node_modules/@vitest/runner/dist/chunk-hooks.js:1863:10)\n    at runTest (file:///Users/ric/Desktop/working/explorer-work/node_modules/@vitest/runner/dist/chunk-hooks.js:1574:12)\n    at processTicksAndRejections (node:internal/process/task_queues:105:5)\n    at runSuite (file:///Users/ric/Desktop/working/explorer-work/node_modules/@vitest/runner/dist/chunk-hooks.js:1729:8)\n    at runSuite (file:///Users/ric/Desktop/working/explorer-work/node_modules/@vitest/runner/dist/chunk-hooks.js:1729:8)"],"meta":{}},{"ancestorTitles":["POWChart"],"fullName":"POWChart should calculate percentages correctly","status":"failed","title":"should calculate percentages correctly","duration":5.286207999999988,"failureMessages":["AssertionError: expected NaN to be 100 // Object.is equality\n    at /Users/ric/Desktop/working/explorer-work/src/components/Charts/__tests__/POWChart.test.tsx:202:29\n    at file:///Users/ric/Desktop/working/explorer-work/node_modules/@vitest/runner/dist/chunk-hooks.js:155:11\n    at file:///Users/ric/Desktop/working/explorer-work/node_modules/@vitest/runner/dist/chunk-hooks.js:752:26\n    at file:///Users/ric/Desktop/working/explorer-work/node_modules/@vitest/runner/dist/chunk-hooks.js:1897:20\n    at new Promise (<anonymous>)\n    at runWithTimeout (file:///Users/ric/Desktop/working/explorer-work/node_modules/@vitest/runner/dist/chunk-hooks.js:1863:10)\n    at runTest (file:///Users/ric/Desktop/working/explorer-work/node_modules/@vitest/runner/dist/chunk-hooks.js:1574:12)\n    at processTicksAndRejections (node:internal/process/task_queues:105:5)\n    at runSuite (file:///Users/ric/Desktop/working/explorer-work/node_modules/@vitest/runner/dist/chunk-hooks.js:1729:8)\n    at runSuite (file:///Users/ric/Desktop/working/explorer-work/node_modules/@vitest/runner/dist/chunk-hooks.js:1729:8)"],"meta":{}},{"ancestorTitles":["POWChart"],"fullName":"POWChart should configure chart with proper options","status":"failed","title":"should configure chart with proper options","duration":3.0757920000000922,"failureMessages":["AssertionError: expected undefined to be false // Object.is equality\n    at /Users/ric/Desktop/working/explorer-work/src/components/Charts/__tests__/POWChart.test.tsx:228:30\n    at file:///Users/ric/Desktop/working/explorer-work/node_modules/@vitest/runner/dist/chunk-hooks.js:155:11\n    at file:///Users/ric/Desktop/working/explorer-work/node_modules/@vitest/runner/dist/chunk-hooks.js:752:26\n    at file:///Users/ric/Desktop/working/explorer-work/node_modules/@vitest/runner/dist/chunk-hooks.js:1897:20\n    at new Promise (<anonymous>)\n    at runWithTimeout (file:///Users/ric/Desktop/working/explorer-work/node_modules/@vitest/runner/dist/chunk-hooks.js:1863:10)\n    at runTest (file:///Users/ric/Desktop/working/explorer-work/node_modules/@vitest/runner/dist/chunk-hooks.js:1574:12)\n    at processTicksAndRejections (node:internal/process/task_queues:105:5)\n    at runSuite (file:///Users/ric/Desktop/working/explorer-work/node_modules/@vitest/runner/dist/chunk-hooks.js:1729:8)\n    at runSuite (file:///Users/ric/Desktop/working/explorer-work/node_modules/@vitest/runner/dist/chunk-hooks.js:1729:8)"],"meta":{}},{"ancestorTitles":["POWChart"],"fullName":"POWChart should use correct colors for pie segments","status":"failed","title":"should use correct colors for pie segments","duration":2.144999999999982,"failureMessages":["TypeError: Cannot read properties of undefined (reading 'color')\n    at /Users/ric/Desktop/working/explorer-work/src/components/Charts/__tests__/POWChart.test.tsx:265:33\n    at file:///Users/ric/Desktop/working/explorer-work/node_modules/@vitest/runner/dist/chunk-hooks.js:155:11\n    at file:///Users/ric/Desktop/working/explorer-work/node_modules/@vitest/runner/dist/chunk-hooks.js:752:26\n    at file:///Users/ric/Desktop/working/explorer-work/node_modules/@vitest/runner/dist/chunk-hooks.js:1897:20\n    at new Promise (<anonymous>)\n    at runWithTimeout (file:///Users/ric/Desktop/working/explorer-work/node_modules/@vitest/runner/dist/chunk-hooks.js:1863:10)\n    at runTest (file:///Users/ric/Desktop/working/explorer-work/node_modules/@vitest/runner/dist/chunk-hooks.js:1574:12)\n    at processTicksAndRejections (node:internal/process/task_queues:105:5)\n    at runSuite (file:///Users/ric/Desktop/working/explorer-work/node_modules/@vitest/runner/dist/chunk-hooks.js:1729:8)\n    at runSuite (file:///Users/ric/Desktop/working/explorer-work/node_modules/@vitest/runner/dist/chunk-hooks.js:1729:8)"],"meta":{}},{"ancestorTitles":["POWChart"],"fullName":"POWChart should handle chart dimensions and styling","status":"failed","title":"should handle chart dimensions and styling","duration":3.047625000000153,"failureMessages":["AssertionError: expected '' to be '400px' // Object.is equality\n    at /Users/ric/Desktop/working/explorer-work/src/components/Charts/__tests__/POWChart.test.tsx:285:32\n    at file:///Users/ric/Desktop/working/explorer-work/node_modules/@vitest/runner/dist/chunk-hooks.js:155:11\n    at file:///Users/ric/Desktop/working/explorer-work/node_modules/@vitest/runner/dist/chunk-hooks.js:752:26\n    at file:///Users/ric/Desktop/working/explorer-work/node_modules/@vitest/runner/dist/chunk-hooks.js:1897:20\n    at new Promise (<anonymous>)\n    at runWithTimeout (file:///Users/ric/Desktop/working/explorer-work/node_modules/@vitest/runner/dist/chunk-hooks.js:1863:10)\n    at runTest (file:///Users/ric/Desktop/working/explorer-work/node_modules/@vitest/runner/dist/chunk-hooks.js:1574:12)\n    at processTicksAndRejections (node:internal/process/task_queues:105:5)\n    at runSuite (file:///Users/ric/Desktop/working/explorer-work/node_modules/@vitest/runner/dist/chunk-hooks.js:1729:8)\n    at runSuite (file:///Users/ric/Desktop/working/explorer-work/node_modules/@vitest/runner/dist/chunk-hooks.js:1729:8)"],"meta":{}},{"ancestorTitles":["POWChart"],"fullName":"POWChart should handle zero values gracefully","status":"failed","title":"should handle zero values gracefully","duration":5.149332999999842,"failureMessages":["AssertionError: expected [ null, null, null, +0 ] to have a length of 3 but got 4\n    at Proxy.<anonymous> (file:///Users/ric/Desktop/working/explorer-work/node_modules/@vitest/expect/dist/index.js:1257:20)\n    at Proxy.<anonymous> (file:///Users/ric/Desktop/working/explorer-work/node_modules/@vitest/expect/dist/index.js:1029:14)\n    at Proxy.methodWrapper (file:///Users/ric/Desktop/working/explorer-work/node_modules/chai/chai.js:1618:25)\n    at /Users/ric/Desktop/working/explorer-work/src/components/Charts/__tests__/POWChart.test.tsx:326:21\n    at file:///Users/ric/Desktop/working/explorer-work/node_modules/@vitest/runner/dist/chunk-hooks.js:155:11\n    at file:///Users/ric/Desktop/working/explorer-work/node_modules/@vitest/runner/dist/chunk-hooks.js:752:26\n    at file:///Users/ric/Desktop/working/explorer-work/node_modules/@vitest/runner/dist/chunk-hooks.js:1897:20\n    at new Promise (<anonymous>)\n    at runWithTimeout (file:///Users/ric/Desktop/working/explorer-work/node_modules/@vitest/runner/dist/chunk-hooks.js:1863:10)\n    at runTest (file:///Users/ric/Desktop/working/explorer-work/node_modules/@vitest/runner/dist/chunk-hooks.js:1574:12)"],"meta":{}},{"ancestorTitles":["POWChart"],"fullName":"POWChart should handle missing data gracefully","status":"failed","title":"should handle missing data gracefully","duration":53.777250000000095,"failureMessages":["TypeError: Cannot read properties of undefined (reading 'moneroRx10')\n    at ProofOfWork (/Users/ric/Desktop/working/explorer-work/src/components/Charts/POWChart.tsx:64:35)\n    at renderWithHooks (/Users/ric/Desktop/working/explorer-work/node_modules/react-dom/cjs/react-dom.development.js:16305:18)\n    at mountIndeterminateComponent (/Users/ric/Desktop/working/explorer-work/node_modules/react-dom/cjs/react-dom.development.js:20074:13)\n    at beginWork (/Users/ric/Desktop/working/explorer-work/node_modules/react-dom/cjs/react-dom.development.js:21587:16)\n    at beginWork$1 (/Users/ric/Desktop/working/explorer-work/node_modules/react-dom/cjs/react-dom.development.js:27426:14)\n    at performUnitOfWork (/Users/ric/Desktop/working/explorer-work/node_modules/react-dom/cjs/react-dom.development.js:26560:12)\n    at workLoopSync (/Users/ric/Desktop/working/explorer-work/node_modules/react-dom/cjs/react-dom.development.js:26466:5)\n    at renderRootSync (/Users/ric/Desktop/working/explorer-work/node_modules/react-dom/cjs/react-dom.development.js:26434:7)\n    at recoverFromConcurrentError (/Users/ric/Desktop/working/explorer-work/node_modules/react-dom/cjs/react-dom.development.js:25850:20)\n    at performConcurrentWorkOnRoot (/Users/ric/Desktop/working/explorer-work/node_modules/react-dom/cjs/react-dom.development.js:25750:22)"],"meta":{}},{"ancestorTitles":["POWChart"],"fullName":"POWChart should format labels correctly","status":"failed","title":"should format labels correctly","duration":2.1769580000000133,"failureMessages":["TypeError: Cannot read properties of undefined (reading 'show')\n    at /Users/ric/Desktop/working/explorer-work/src/components/Charts/__tests__/POWChart.test.tsx:381:44\n    at file:///Users/ric/Desktop/working/explorer-work/node_modules/@vitest/runner/dist/chunk-hooks.js:155:11\n    at file:///Users/ric/Desktop/working/explorer-work/node_modules/@vitest/runner/dist/chunk-hooks.js:752:26\n    at file:///Users/ric/Desktop/working/explorer-work/node_modules/@vitest/runner/dist/chunk-hooks.js:1897:20\n    at new Promise (<anonymous>)\n    at runWithTimeout (file:///Users/ric/Desktop/working/explorer-work/node_modules/@vitest/runner/dist/chunk-hooks.js:1863:10)\n    at runTest (file:///Users/ric/Desktop/working/explorer-work/node_modules/@vitest/runner/dist/chunk-hooks.js:1574:12)\n    at processTicksAndRejections (node:internal/process/task_queues:105:5)\n    at runSuite (file:///Users/ric/Desktop/working/explorer-work/node_modules/@vitest/runner/dist/chunk-hooks.js:1729:8)\n    at runSuite (file:///Users/ric/Desktop/working/explorer-work/node_modules/@vitest/runner/dist/chunk-hooks.js:1729:8)"],"meta":{}}],"startTime":1750696999792,"endTime":1750696999964.177,"status":"failed","message":"","name":"/Users/ric/Desktop/working/explorer-work/src/components/Charts/__tests__/POWChart.test.tsx"},{"assertionResults":[{"ancestorTitles":["MainLayout"],"fullName":"MainLayout should import and use all required dependencies","status":"passed","title":"should import and use all required dependencies","duration":587.0984999999998,"failureMessages":[],"meta":{}},{"ancestorTitles":["MainLayout"],"fullName":"MainLayout should use useMainStore hook","status":"passed","title":"should use useMainStore hook","duration":0.30020799999965675,"failureMessages":[],"meta":{}},{"ancestorTitles":["MainLayout"],"fullName":"MainLayout should handle mobile state correctly","status":"passed","title":"should handle mobile state correctly","duration":0.35995799999955125,"failureMessages":[],"meta":{}},{"ancestorTitles":["MainLayout"],"fullName":"MainLayout should handle desktop state correctly","status":"passed","title":"should handle desktop state correctly","duration":0.10012499999993452,"failureMessages":[],"meta":{}},{"ancestorTitles":["MainLayout"],"fullName":"MainLayout should have proper component structure","status":"passed","title":"should have proper component structure","duration":0.14054099999975733,"failureMessages":[],"meta":{}},{"ancestorTitles":["MainLayout"],"fullName":"MainLayout should import required MUI components","status":"passed","title":"should import required MUI components","duration":0.16691699999955745,"failureMessages":[],"meta":{}},{"ancestorTitles":["MainLayout"],"fullName":"MainLayout should import lightTheme","status":"passed","title":"should import lightTheme","duration":0.1275420000001759,"failureMessages":[],"meta":{}},{"ancestorTitles":["MainLayout"],"fullName":"MainLayout should import all required components","status":"passed","title":"should import all required components","duration":0.25225000000000364,"failureMessages":[],"meta":{}},{"ancestorTitles":["MainLayout"],"fullName":"MainLayout should use Outlet from react-router-dom","status":"passed","title":"should use Outlet from react-router-dom","duration":0.11741599999959362,"failureMessages":[],"meta":{}}],"startTime":1750696999625,"endTime":1750697000214.2522,"status":"passed","message":"","name":"/Users/ric/Desktop/working/explorer-work/src/theme/__tests__/MainLayout.test.tsx"},{"assertionResults":[{"ancestorTitles":["PageLayout"],"fullName":"PageLayout should import and use all required dependencies","status":"passed","title":"should import and use all required dependencies","duration":460.93137499999966,"failureMessages":[],"meta":{}},{"ancestorTitles":["PageLayout"],"fullName":"PageLayout should use useMainStore hook","status":"passed","title":"should use useMainStore hook","duration":0.22624999999970896,"failureMessages":[],"meta":{}},{"ancestorTitles":["PageLayout"],"fullName":"PageLayout should handle mobile state correctly","status":"passed","title":"should handle mobile state correctly","duration":2.8927089999997406,"failureMessages":[],"meta":{}},{"ancestorTitles":["PageLayout"],"fullName":"PageLayout should handle desktop state correctly","status":"passed","title":"should handle desktop state correctly","duration":0.25004100000023755,"failureMessages":[],"meta":{}},{"ancestorTitles":["PageLayout"],"fullName":"PageLayout should have proper component structure","status":"passed","title":"should have proper component structure","duration":0.2613749999995889,"failureMessages":[],"meta":{}},{"ancestorTitles":["PageLayout"],"fullName":"PageLayout should accept title prop","status":"passed","title":"should accept title prop","duration":0.17512500000020736,"failureMessages":[],"meta":{}},{"ancestorTitles":["PageLayout"],"fullName":"PageLayout should accept subTitle prop","status":"passed","title":"should accept subTitle prop","duration":0.14687499999990905,"failureMessages":[],"meta":{}},{"ancestorTitles":["PageLayout"],"fullName":"PageLayout should accept customHeader prop","status":"passed","title":"should accept customHeader prop","duration":0.15308299999969677,"failureMessages":[],"meta":{}},{"ancestorTitles":["PageLayout"],"fullName":"PageLayout should import required MUI components","status":"passed","title":"should import required MUI components","duration":0.18325000000004366,"failureMessages":[],"meta":{}},{"ancestorTitles":["PageLayout"],"fullName":"PageLayout should import lightTheme","status":"passed","title":"should import lightTheme","duration":0.12562499999967258,"failureMessages":[],"meta":{}},{"ancestorTitles":["PageLayout"],"fullName":"PageLayout should import all required components","status":"passed","title":"should import all required components","duration":0.31408399999963876,"failureMessages":[],"meta":{}},{"ancestorTitles":["PageLayout"],"fullName":"PageLayout should use Outlet from react-router-dom","status":"passed","title":"should use Outlet from react-router-dom","duration":0.10379199999988487,"failureMessages":[],"meta":{}},{"ancestorTitles":["PageLayout"],"fullName":"PageLayout should test PageLayoutProps interface","status":"passed","title":"should test PageLayoutProps interface","duration":0.1268329999998059,"failureMessages":[],"meta":{}}],"startTime":1750696999770,"endTime":1750697000236.314,"status":"passed","message":"","name":"/Users/ric/Desktop/working/explorer-work/src/theme/__tests__/PageLayout.test.tsx"},{"assertionResults":[{"ancestorTitles":["themes"],"fullName":"themes should export lightTheme","status":"passed","title":"should export lightTheme","duration":16.393499999999676,"failureMessages":[],"meta":{}},{"ancestorTitles":["themes"],"fullName":"themes should export darkTheme","status":"passed","title":"should export darkTheme","duration":0.3089170000002923,"failureMessages":[],"meta":{}},{"ancestorTitles":["themes"],"fullName":"themes should export both themes","status":"passed","title":"should export both themes","duration":0.19054099999993923,"failureMessages":[],"meta":{}},{"ancestorTitles":["themes"],"fullName":"themes should import required dependencies","status":"passed","title":"should import required dependencies","duration":0.2728750000001128,"failureMessages":[],"meta":{}},{"ancestorTitles":["themes"],"fullName":"themes should have theme objects with correct structure","status":"passed","title":"should have theme objects with correct structure","duration":0.19641699999965567,"failureMessages":[],"meta":{}},{"ancestorTitles":["themes"],"fullName":"themes should test theme creation flow","status":"passed","title":"should test theme creation flow","duration":0.156833000000006,"failureMessages":[],"meta":{}},{"ancestorTitles":["themes"],"fullName":"themes should have palette configuration","status":"passed","title":"should have palette configuration","duration":0.20479199999999764,"failureMessages":[],"meta":{}},{"ancestorTitles":["themes"],"fullName":"themes should have component settings","status":"passed","title":"should have component settings","duration":0.15570800000023155,"failureMessages":[],"meta":{}}],"startTime":1750697003397,"endTime":1750697003415.2048,"status":"passed","message":"","name":"/Users/ric/Desktop/working/explorer-work/src/theme/__tests__/themes.test.ts"},{"assertionResults":[{"ancestorTitles":["downloadLinks"],"fullName":"downloadLinks should have correct Windows download link","status":"passed","title":"should have correct Windows download link","duration":1.7051669999996193,"failureMessages":[],"meta":{}},{"ancestorTitles":["downloadLinks"],"fullName":"downloadLinks should have correct Mac download link","status":"passed","title":"should have correct Mac download link","duration":0.46875,"failureMessages":[],"meta":{}},{"ancestorTitles":["downloadLinks"],"fullName":"downloadLinks should have correct Linux download link","status":"passed","title":"should have correct Linux download link","duration":0.44595799999979135,"failureMessages":[],"meta":{}},{"ancestorTitles":["downloadLinks"],"fullName":"downloadLinks should have correct default link","status":"passed","title":"should have correct default link","duration":0.15358300000025338,"failureMessages":[],"meta":{}},{"ancestorTitles":["downloadLinks"],"fullName":"downloadLinks should have all required properties","status":"passed","title":"should have all required properties","duration":0.3135000000002037,"failureMessages":[],"meta":{}},{"ancestorTitles":["downloadLinks"],"fullName":"downloadLinks should have valid URLs","status":"passed","title":"should have valid URLs","duration":2.410041999999976,"failureMessages":[],"meta":{}},{"ancestorTitles":["downloadLinks"],"fullName":"downloadLinks should maintain object structure","status":"passed","title":"should maintain object structure","duration":1.3395000000000437,"failureMessages":[],"meta":{}}],"startTime":1750697003681,"endTime":1750697003688.3396,"status":"passed","message":"","name":"/Users/ric/Desktop/working/explorer-work/src/utils/__tests__/downloadLinks.test.ts"},{"assertionResults":[{"ancestorTitles":["getOS","MacOS detection"],"fullName":"getOS MacOS detection should detect MacIntel","status":"passed","title":"should detect MacIntel","duration":1.3867090000001099,"failureMessages":[],"meta":{}},{"ancestorTitles":["getOS","MacOS detection"],"fullName":"getOS MacOS detection should detect Macintosh","status":"passed","title":"should detect Macintosh","duration":0.1616670000000795,"failureMessages":[],"meta":{}},{"ancestorTitles":["getOS","MacOS detection"],"fullName":"getOS MacOS detection should detect MacPPC","status":"passed","title":"should detect MacPPC","duration":0.10445899999990615,"failureMessages":[],"meta":{}},{"ancestorTitles":["getOS","MacOS detection"],"fullName":"getOS MacOS detection should detect Mac68K","status":"passed","title":"should detect Mac68K","duration":0.10558399999990797,"failureMessages":[],"meta":{}},{"ancestorTitles":["getOS","iOS detection"],"fullName":"getOS iOS detection should detect iPhone","status":"passed","title":"should detect iPhone","duration":0.10370800000009694,"failureMessages":[],"meta":{}},{"ancestorTitles":["getOS","iOS detection"],"fullName":"getOS iOS detection should detect iPad","status":"passed","title":"should detect iPad","duration":0.08341599999994287,"failureMessages":[],"meta":{}},{"ancestorTitles":["getOS","iOS detection"],"fullName":"getOS iOS detection should detect iPod","status":"passed","title":"should detect iPod","duration":0.07816600000001017,"failureMessages":[],"meta":{}},{"ancestorTitles":["getOS","Windows detection"],"fullName":"getOS Windows detection should detect Win32","status":"passed","title":"should detect Win32","duration":0.07916599999998652,"failureMessages":[],"meta":{}},{"ancestorTitles":["getOS","Windows detection"],"fullName":"getOS Windows detection should detect Win64","status":"passed","title":"should detect Win64","duration":0.21862499999997453,"failureMessages":[],"meta":{}},{"ancestorTitles":["getOS","Windows detection"],"fullName":"getOS Windows detection should detect Windows","status":"passed","title":"should detect Windows","duration":0.08720900000002985,"failureMessages":[],"meta":{}},{"ancestorTitles":["getOS","Windows detection"],"fullName":"getOS Windows detection should detect WinCE","status":"passed","title":"should detect WinCE","duration":0.07587499999999636,"failureMessages":[],"meta":{}},{"ancestorTitles":["getOS","Android detection"],"fullName":"getOS Android detection should detect Android from userAgent","status":"passed","title":"should detect Android from userAgent","duration":0.0837500000000091,"failureMessages":[],"meta":{}},{"ancestorTitles":["getOS","Android detection"],"fullName":"getOS Android detection should detect Android regardless of platform","status":"passed","title":"should detect Android regardless of platform","duration":0.09691700000007586,"failureMessages":[],"meta":{}},{"ancestorTitles":["getOS","Linux detection"],"fullName":"getOS Linux detection should detect Linux from platform","status":"passed","title":"should detect Linux from platform","duration":0.09491600000001199,"failureMessages":[],"meta":{}},{"ancestorTitles":["getOS","Linux detection"],"fullName":"getOS Linux detection should detect Linux i686","status":"passed","title":"should detect Linux i686","duration":0.07716700000014498,"failureMessages":[],"meta":{}},{"ancestorTitles":["getOS","Unknown OS"],"fullName":"getOS Unknown OS should return unknown for unrecognized OS","status":"passed","title":"should return unknown for unrecognized OS","duration":0.07187500000009095,"failureMessages":[],"meta":{}},{"ancestorTitles":["getOS","Unknown OS"],"fullName":"getOS Unknown OS should return unknown for empty values","status":"passed","title":"should return unknown for empty values","duration":0.06866700000000492,"failureMessages":[],"meta":{}},{"ancestorTitles":["getOS","Priority order"]
[...]
:0},"end":{"line":13,"column":17}},"13":{"start":{"line":14,"column":0},"end":{"line":14,"column":14}},"14":{"start":{"line":15,"column":0},"end":{"line":15,"column":22}},"15":{"start":{"line":16,"column":0},"end":{"line":16,"column":19}},"16":{"start":{"line":17,"column":0},"end":{"line":17,"column":14}},"17":{"start":{"line":18,"column":0},"end":{"line":18,"column":19}},"18":{"start":{"line":19,"column":0},"end":{"line":19,"column":10}},"19":{"start":{"line":20,"column":0},"end":{"line":20,"column":21}},"20":{"start":{"line":21,"column":0},"end":{"line":21,"column":19}},"21":{"start":{"line":22,"column":0},"end":{"line":22,"column":18}},"22":{"start":{"line":23,"column":0},"end":{"line":23,"column":17}},"23":{"start":{"line":24,"column":0},"end":{"line":24,"column":14}},"25":{"start":{"line":26,"column":0},"end":{"line":26,"column":20}},"27":{"start":{"line":28,"column":0},"end":{"line":28,"column":15}},"29":{"start":{"line":30,"column":0},"end":{"line":30,"column":32}},"30":{"start":{"line":31,"column":0},"end":{"line":31,"column":10}},"31":{"start":{"line":32,"column":0},"end":{"line":32,"column":18}},"32":{"start":{"line":33,"column":0},"end":{"line":33,"column":17}},"33":{"start":{"line":34,"column":0},"end":{"line":34,"column":14}},"35":{"start":{"line":36,"column":0},"end":{"line":36,"column":20}},"37":{"start":{"line":38,"column":0},"end":{"line":38,"column":15}},"39":{"start":{"line":40,"column":0},"end":{"line":40,"column":29}},"40":{"start":{"line":41,"column":0},"end":{"line":41,"column":10}},"41":{"start":{"line":42,"column":0},"end":{"line":42,"column":18}},"42":{"start":{"line":43,"column":0},"end":{"line":43,"column":17}},"43":{"start":{"line":44,"column":0},"end":{"line":44,"column":14}},"45":{"start":{"line":46,"column":0},"end":{"line":46,"column":20}},"47":{"start":{"line":48,"column":0},"end":{"line":48,"column":15}},"49":{"start":{"line":50,"column":0},"end":{"line":50,"column":37}},"50":{"start":{"line":51,"column":0},"end":{"line":51,"column":10}},"51":{"start":{"line":52,"column":0},"end":{"line":52,"column":18}},"52":{"start":{"line":53,"column":0},"end":{"line":53,"column":17}},"53":{"start":{"line":54,"column":0},"end":{"line":54,"column":14}},"55":{"start":{"line":56,"column":0},"end":{"line":56,"column":20}},"57":{"start":{"line":58,"column":0},"end":{"line":58,"column":15}},"59":{"start":{"line":60,"column":0},"end":{"line":60,"column":34}},"60":{"start":{"line":61,"column":0},"end":{"line":61,"column":19}},"61":{"start":{"line":62,"column":0},"end":{"line":62,"column":10}},"62":{"start":{"line":63,"column":0},"end":{"line":63,"column":18}},"63":{"start":{"line":64,"column":0},"end":{"line":64,"column":17}},"64":{"start":{"line":65,"column":0},"end":{"line":65,"column":14}},"66":{"start":{"line":67,"column":0},"end":{"line":67,"column":20}},"68":{"start":{"line":69,"column":0},"end":{"line":69,"column":15}},"70":{"start":{"line":71,"column":0},"end":{"line":71,"column":29}},"71":{"start":{"line":72,"column":0},"end":{"line":72,"column":10}},"72":{"start":{"line":73,"column":0},"end":{"line":73,"column":20}},"73":{"start":{"line":74,"column":0},"end":{"line":74,"column":22}},"75":{"start":{"line":76,"column":0},"end":{"line":76,"column":1}},"77":{"start":{"line":78,"column":0},"end":{"line":78,"column":27}}},"s":{"0":0,"1":0,"11":0,"12":0,"13":0,"14":0,"15":0,"16":0,"17":0,"18":0,"19":0,"20":0,"21":0,"22":0,"23":0,"25":0,"27":0,"29":0,"30":0,"31":0,"32":0,"33":0,"35":0,"37":0,"39":0,"40":0,"41":0,"42":0,"43":0,"45":0,"47":0,"49":0,"50":0,"51":0,"52":0,"53":0,"55":0,"57":0,"59":0,"60":0,"61":0,"62":0,"63":0,"64":0,"66":0,"68":0,"70":0,"71":0,"72":0,"73":0,"75":0,"77":0},"branchMap":{"0":{"type":"branch","line":1,"loc":{"start":{"line":1,"column":1512},"end":{"line":78,"column":27}},"locations":[{"start":{"line":1,"column":1512},"end":{"line":78,"column":27}}]}},"b":{"0":[0]},"fnMap":{"0":{"name":"(empty-report)","decl":{"start":{"line":1,"column":1512},"end":{"line":78,"column":27}},"loc":{"start":{"line":1,"column":1512},"end":{"line":78,"column":27}},"line":1}},"f":{"0":0}},"/Users/ric/Desktop/working/explorer-work/src/components/Header/MinersCTA/DownloadModal/DownloadModal.tsx":{"path":"/Users/ric/Desktop/working/explorer-work/src/components/Header/MinersCTA/DownloadModal/DownloadModal.tsx","all":true,"statementMap":{"0":{"start":{"line":1,"column":0},"end":{"line":1,"column":31}},"1":{"start":{"line":2,"column":0},"end":{"line":2,"column":72}},"2":{"start":{"line":3,"column":0},"end":{"line":3,"column":50}},"3":{"start":{"line":4,"column":0},"end":{"line":4,"column":61}},"4":{"start":{"line":5,"column":0},"end":{"line":5,"column":46}},"5":{"start":{"line":6,"column":0},"end":{"line":6,"column":43}},"6":{"start":{"line":7,"column":0},"end":{"line":7,"column":54}},"7":{"start":{"line":8,"column":0},"end":{"line":8,"column":70}},"8":{"start":{"line":9,"column":0},"end":{"line":9,"column":34}},"10":{"start":{"line":11,"column":0},"end":{"line":11,"column":26}},"11":{"start":{"line":12,"column":0},"end":{"line":12,"column":77}},"12":{"start":{"line":13,"column":0},"end":{"line":13,"column":44}},"13":{"start":{"line":14,"column":0},"end":{"line":14,"column":41}},"14":{"start":{"line":15,"column":0},"end":{"line":15,"column":4}},"16":{"start":{"line":17,"column":0},"end":{"line":17,"column":29}},"17":{"start":{"line":18,"column":0},"end":{"line":18,"column":32}},"18":{"start":{"line":19,"column":0},"end":{"line":19,"column":4}},"20":{"start":{"line":21,"column":0},"end":{"line":21,"column":10}},"21":{"start":{"line":22,"column":0},"end":{"line":22,"column":20}},"22":{"start":{"line":23,"column":0},"end":{"line":23,"column":40}},"23":{"start":{"line":24,"column":0},"end":{"line":24,"column":17}},"24":{"start":{"line":25,"column":0},"end":{"line":25,"column":29}},"25":{"start":{"line":26,"column":0},"end":{"line":26,"column":34}},"26":{"start":{"line":27,"column":0},"end":{"line":27,"column":31}},"28":{"start":{"line":29,"column":0},"end":{"line":29,"column":17}},"29":{"start":{"line":30,"column":0},"end":{"line":30,"column":23}},"30":{"start":{"line":31,"column":0},"end":{"line":31,"column":32}},"31":{"start":{"line":32,"column":0},"end":{"line":32,"column":35}},"32":{"start":{"line":33,"column":0},"end":{"line":33,"column":31}},"33":{"start":{"line":34,"column":0},"end":{"line":34,"column":37}},"34":{"start":{"line":35,"column":0},"end":{"line":35,"column":25}},"35":{"start":{"line":36,"column":0},"end":{"line":36,"column":23}},"36":{"start":{"line":37,"column":0},"end":{"line":37,"column":47}},"37":{"start":{"line":38,"column":0},"end":{"line":38,"column":17}},"39":{"start":{"line":40,"column":0},"end":{"line":40,"column":27}},"40":{"start":{"line":41,"column":0},"end":{"line":41,"column":25}},"41":{"start":{"line":42,"column":0},"end":{"line":42,"column":21}},"42":{"start":{"line":43,"column":0},"end":{"line":43,"column":28}},"43":{"start":{"line":44,"column":0},"end":{"line":44,"column":55}},"44":{"start":{"line":45,"column":0},"end":{"line":45,"column":29}},"45":{"start":{"line":46,"column":0},"end":{"line":46,"column":25}},"46":{"start":{"line":47,"column":0},"end":{"line":47,"column":28}},"47":{"start":{"line":48,"column":0},"end":{"line":48,"column":21}},"48":{"start":{"line":49,"column":0},"end":{"line":49,"column":45}},"49":{"start":{"line":50,"column":0},"end":{"line":50,"column":36}},"50":{"start":{"line":51,"column":0},"end":{"line":51,"column":38}},"51":{"start":{"line":52,"column":0},"end":{"line":52,"column":37}},"52":{"start":{"line":53,"column":0},"end":{"line":53,"column":18}},"53":{"start":{"line":54,"column":0},"end":{"line":54,"column":15}},"55":{"start":{"line":56,"column":0},"end":{"line":56,"column":22}},"57":{"start":{"line":58,"column":0},"end":{"line":58,"column":27}},"58":{"start":{"line":59,"column":0},"end":{"line":59,"column":25}},"59":{"start":{"line":60,"column":0},"end":{"line":60,"column":31}},"60":{"start":{"line":61,"column":0},"end":{"line":61,"column":21}},"61":{"start":{"line":62,"column":0},"end":{"line":62,"column":35}},"62":{"start":{"line":63,"column":0},"end":{"line":63,"column":18}},"63":{"start":{"line":64,"column":0},"end":{"line":64,"column":15}},"65":{"start":{"line":66,"column":0},"end":{"line":66,"column":27}},"66":{"start":{"line":67,"column":0},"end":{"line":67,"column":56}},"67":{"start":{"line":68,"column":0},"end":{"line":68,"column":37}},"68":{"start":{"line":69,"column":0},"end":{"line":69,"column":41}},"69":{"start":{"line":70,"column":0},"end":{"line":70,"column":39}},"70":{"start":{"line":71,"column":0},"end":{"line":71,"column":22}},"71":{"start":{"line":72,"column":0},"end":{"line":72,"column":22}},"72":{"start":{"line":73,"column":0},"end":{"line":73,"column":18}},"73":{"start":{"line":74,"column":0},"end":{"line":74,"column":19}},"74":{"start":{"line":75,"column":0},"end":{"line":75,"column":22}},"75":{"start":{"line":76,"column":0},"end":{"line":76,"column":21}},"77":{"start":{"line":78,"column":0},"end":{"line":78,"column":1}},"79":{"start":{"line":80,"column":0},"end":{"line":80,"column":29}}},"s":{"0":0,"1":0,"2":0,"3":0,"4":0,"5":0,"6":0,"7":0,"8":0,"10":0,"11":0,"12":0,"13":0,"14":0,"16":0,"17":0,"18":0,"20":0,"21":0,"22":0,"23":0,"24":0,"25":0,"26":0,"28":0,"29":0,"30":0,"31":0,"32":0,"33":0,"34":0,"35":0,"36":0,"37":0,"39":0,"40":0,"41":0,"42":0,"43":0,"44":0,"45":0,"46":0,"47":0,"48":0,"49":0,"50":0,"51":0,"52":0,"53":0,"55":0,"57":0,"58":0,"59":0,"60":0,"61":0,"62":0,"63":0,"65":0,"66":0,"67":0,"68":0,"69":0,"70":0,"71":0,"72":0,"73":0,"74":0,"75":0,"77":0,"79":0},"branchMap":{"0":{"type":"branch","line":1,"loc":{"start":{"line":1,"column":2404},"end":{"line":80,"column":29}},"locations":[{"start":{"line":1,"column":2404},"end":{"line":80,"column":29}}]}},"b":{"0":[0]},"fnMap":{"0":{"name":"(empty-report)","decl":{"start":{"line":1,"column":2404},"end":{"line":80,"column":29}},"loc":{"start":{"line":1,"column":2404},"end":{"line":80,"column":29}},"line":1}},"f":{"0":0}},"/Users/ric/Desktop/working/explorer-work/src/components/Header/MobileHeader/MobileHeader.tsx":{"path":"/Users/ric/Desktop/working/explorer-work/src/components/Header/MobileHeader/MobileHeader.tsx","all":true,"statementMap":{"0":{"start":{"line":1,"column":0},"end":{"line":1,"column":34}},"1":{"start":{"line":2,"column":0},"end":{"line":2,"column":8}},"11":{"start":{"line":12,"column":0},"end":{"line":12,"column":68}},"12":{"start":{"line":13,"column":0},"end":{"line":13,"column":61}},"13":{"start":{"line":14,"column":0},"end":{"line":14,"column":47}},"14":{"start":{"line":15,"column":0},"end":{"line":15,"column":72}},"15":{"start":{"line":16,"column":0},"end":{"line":16,"column":67}},"16":{"start":{"line":17,"column":0},"end":{"line":17,"column":46}},"17":{"start":{"line":18,"column":0},"end":{"line":18,"column":40}},"18":{"start":{"line":19,"column":0},"end":{"line":19,"column":63}},"20":{"start":{"line":21,"column":0},"end":{"line":21,"column":40}},"21":{"start":{"line":22,"column":0},"end":{"line":22,"column":71}},"22":{"start":{"line":23,"column":0},"end":{"line":23,"column":77}},"23":{"start":{"line":24,"column":0},"end":{"line":24,"column":27}},"25":{"start":{"line":26,"column":0},"end":{"line":26,"column":19}},"26":{"start":{"line":27,"column":0},"end":{"line":27,"column":25}},"27":{"start":{"line":28,"column":0},"end":{"line":28,"column":46}},"28":{"start":{"line":29,"column":0},"end":{"line":29,"column":12}},"29":{"start":{"line":30,"column":0},"end":{"line":30,"column":44}},"30":{"start":{"line":31,"column":0},"end":{"line":31,"column":5}},"31":{"start":{"line":32,"column":0},"end":{"line":32,"column":23}},"33":{"start":{"line":34,"column":0},"end":{"line":34,"column":19}},"34":{"start":{"line":35,"column":0},"end":{"line":35,"column":29}},"35":{"start":{"line":36,"column":0},"end":{"line":36,"column":26}},"37":{"start":{"line":38,"column":0},"end":{"line":38,"column":10}},"38":{"start":{"line":39,"column":0},"end":{"line":39,"column":6}},"39":{"start":{"line":40,"column":0},"end":{"line":40,"column":38}},"40":{"start":{"line":41,"column":0},"end":{"line":41,"column":16}},"41":{"start":{"line":42,"column":0},"end":{"line":42,"column":44}},"42":{"start":{"line":43,"column":0},"end":{"line":43,"column":19}},"43":{"start":{"line":44,"column":0},"end":{"line":44,"column":31}},"44":{"start":{"line":45,"column":0},"end":{"line":45,"column":18}},"45":{"start":{"line":46,"column":0},"end":{"line":46,"column":31}},"46":{"start":{"line":47,"column":0},"end":{"line":47,"column":24}},"47":{"start":{"line":48,"column":0},"end":{"line":48,"column":31}},"48":{"start":{"line":49,"column":0},"end":{"line":49,"column":37}},"49":{"start":{"line":50,"column":0},"end":{"line":50,"column":30}},"50":{"start":{"line":51,"column":0},"end":{"line":51,"column":38}},"51":{"start":{"line":52,"column":0},"end":{"line":52,"column":48}},"52":{"start":{"line":53,"column":0},"end":{"line":53,"column":42}},"53":{"start":{"line":54,"column":0},"end":{"line":54,"column":24}},"54":{"start":{"line":55,"column":0},"end":{"line":55,"column":22}},"55":{"start":{"line":56,"column":0},"end":{"line":56,"column":25}},"56":{"start":{"line":57,"column":0},"end":{"line":57,"column":28}},"57":{"start":{"line":58,"column":0},"end":{"line":58,"column":32}},"58":{"start":{"line":59,"column":0},"end":{"line":59,"column":57}},"59":{"start":{"line":60,"column":0},"end":{"line":60,"column":32}},"60":{"start":{"line":61,"column":0},"end":{"line":61,"column":42}},"61":{"start":{"line":62,"column":0},"end":{"line":62,"column":30}},"62":{"start":{"line":63,"column":0},"end":{"line":63,"column":20}},"63":{"start":{"line":64,"column":0},"end":{"line":64,"column":19}},"65":{"start":{"line":66,"column":0},"end":{"line":66,"column":55}},"66":{"start":{"line":67,"column":0},"end":{"line":67,"column":34}},"67":{"start":{"line":68,"column":0},"end":{"line":68,"column":36}},"68":{"start":{"line":69,"column":0},"end":{"line":69,"column":31}},"69":{"start":{"line":70,"column":0},"end":{"line":70,"column":20}},"70":{"start":{"line":71,"column":0},"end":{"line":71,"column":22}},"71":{"start":{"line":72,"column":0},"end":{"line":72,"column":17}},"72":{"start":{"line":73,"column":0},"end":{"line":73,"column":16}},"73":{"start":{"line":74,"column":0},"end":{"line":74,"column":26}},"74":{"start":{"line":75,"column":0},"end":{"line":75,"column":14}},"75":{"start":{"line":76,"column":0},"end":{"line":76,"column":22}},"76":{"start":{"line":77,"column":0},"end":{"line":77,"column":32}},"77":{"start":{"line":78,"column":0},"end":{"line":78,"column":22}},"78":{"start":{"line":79,"column":0},"end":{"line":79,"column":26}},"79":{"start":{"line":80,"column":0},"end":{"line":80,"column":51}},"80":{"start":{"line":81,"column":0},"end":{"line":81,"column":24}},"81":{"start":{"line":82,"column":0},"end":{"line":82,"column":14}},"82":{"start":{"line":83,"column":0},"end":{"line":83,"column":25}},"83":{"start":{"line":84,"column":0},"end":{"line":84,"column":35}},"84":{"start":{"line":85,"column":0},"end":{"line":85,"column":26}},"85":{"start":{"line":86,"column":0},"end":{"line":86,"column":23}},"86":{"start":{"line":87,"column":0},"end":{"line":87,"column":15}},"88":{"start":{"line":89,"column":0},"end":{"line":89,"column":7}},"90":{"start":{"line":91,"column":0},"end":{"line":91,"column":1}}},"s":{"0":0,"1":0,"11":0,"12":0,"13":0,"14":0,"15":0,"16":0,"17":0,"18":0,"20":0,"21":0,"22":0,"23":0,"25":0,"26":0,"27":0,"28":0,"29":0,"30":0,"31":0,"33":0,"34":0,"35":0,"37":0,"38":0,"39":0,"40":0,"41":0,"42":0,"43":0,"44":0,"45":0,"46":0,"47":0,"48":0,"49":0,"50":0,"51":0,"52":0,"53":0,"54":0,"55":0,"56":0,"57":0,"58":0,"59":0,"60":0,"61":0,"62":0,"63":0,"65":0,"66":0,"67":0,"68":0,"69":0,"70":0,"71":0,"72":0,"73":0,"74":0,"75":0,"76":0,"77":0,"78":0,"79":0,"80":0,"81":0,"82":0,"83":0,"84":0,"85":0,"86":0,"88":0,"90":0},"branchMap":{"0":{"type":"branch","line":1,"loc":{"start":{"line":1,"column":2583},"end":{"line":91,"column":1}},"locations":[{"start":{"line":1,"column":2583},"end":{"line":91,"column":1}}]}},"b":{"0":[0]},"fnMap":{"0":{"name":"(empty-report)","decl":{"start":{"line":1,"column":2583},"end":{"line":91,"column":1}},"loc":{"start":{"line":1,"column":2583},"end":{"line":91,"column":1}},"line":1}},"f":{"0":0}},"/Users/ric/Desktop/working/explorer-work/src/components/Header/StatsBox/StatsDesktop/StatsItem/StatsItem.tsx":{"path":"/Users/ric/Desktop/working/explorer-work/src/components/Header/StatsBox/StatsDesktop/StatsItem/StatsItem.tsx","all":true,"statementMap":{"0":{"start":{"line":1,"column":0},"end":{"line":1,"column":8}},"12":{"start":{"line":13,"column":0},"end":{"line":13,"column":71}},"13":{"start":{"line":14,"column":0},"end":{"line":14,"column":10}},"14":{"start":{"line":15,"column":0},"end":{"line":15,"column":15}},"15":{"start":{"line":16,"column":0},"end":{"line":16,"column":70}},"16":{"start":{"line":17,"column":0},"end":{"line":17,"column":48}},"17":{"start":{"line":18,"column":0},"end":{"line":18,"column":16}},"19":{"start":{"line":20,"column":0},"end":{"line":20,"column":1}}},"s":{"0":0,"12":0,"13":0,"14":0,"15":0,"16":0,"17":0,"19":0},"branchMap":{"0":{"type":"branch","line":1,"loc":{"start":{"line":1,"column":410},"end":{"line":20,"column":1}},"locations":[{"start":{"line":1,"column":410},"end":{"line":20,"column":1}}]}},"b":{"0":[0]},"fnMap":{"0":{"name":"(empty-report)","decl":{"start":{"line":1,"column":410},"end":{"line":20,"column":1}},"loc":{"start":{"line":1,"column":410},"end":{"line":20,"column":1}},"line":1}},"f":{"0":0}},"/Users/ric/Desktop/working/explorer-work/src/components/Header/StatsBox/StatsDesktop/StatsItem/StatsItem.styles.ts":{"path":"/Users/ric/Desktop/working/explorer-work/src/components/Header/StatsBox/StatsDesktop/StatsItem/StatsItem.styles.ts","all":true,"statementMap":{"0":{"start":{"line":1,"column":0},"end":{"line":1,"column":46}},"1":{"start":{"line":2,"column":0},"end":{"line":2,"column":48}},"3":{"start":{"line":4,"column":0},"end":{"line":4,"column":38}},"4":{"start":{"line":5,"column":0},"end":{"line":5,"column":18}},"5":{"start":{"line":6,"column":0},"end":{"line":6,"column":26}},"6":{"start":{"line":7,"column":0},"end":{"line":7,"column":23}},"7":{"start":{"line":8,"column":0},"end":{"line":8,"column":9}},"8":{"start":{"line":9,"column":0},"end":{"line":9,"column":20}},"9":{"start":{"line":10,"column":0},"end":{"line":10,"column":3}},"11":{"start":{"line":12,"column":0},"end":{"line":12,"column":51}},"12":{"start":{"line":13,"column":0},"end":{"line":13,"column":52}},"13":{"start":{"line":14,"column":0},"end":{"line":14,"column":49}},"14":{"start":{"line":15,"column":0},"end":{"line":15,"column":55}},"15":{"start":{"line":16,"column":0},"end":{"line":16,"column":26}},"16":{"start":{"line":17,"column":0},"end":{"line":17,"column":19}},"17":{"start":{"line":18,"column":0},"end":{"line":18,"column":16}},"18":{"start":{"line":19,"column":0},"end":{"line":19,"column":22}},"19":{"start":{"line":20,"column":0},"end":{"line":20,"column":43}},"20":{"start":{"line":21,"column":0},"end":{"line":21,"column":20}},"21":{"start":{"line":22,"column":0},"end":{"line":22,"column":4}},"23":{"start":{"line":24,"column":0},"end":{"line":24,"column":51}},"24":{"start":{"line":25,"column":0},"end":{"line":25,"column":19}},"25":{"start":{"line":26,"column":0},"end":{"line":26,"column":16}},"26":{"start":{"line":27,"column":0},"end":{"line":27,"column":22}},"27":{"start":{"line":28,"column":0},"end":{"line":28,"column":3}}},"s":{"0":0,"1":0,"3":0,"4":0,"5":0,"6":0,"7":0,"8":0,"9":0,"11":0,"12":0,"13":0,"14":0,"15":0,"16":0,"17":0,"18":0,"19":0,"20":0,"21":0,"23":0,"24":0,"25":0,"26":0,"27":0},"branchMap":{"0":{"type":"branch","line":1,"loc":{"start":{"line":1,"column":726},"end":{"line":28,"column":3}},"locations":[{"start":{"line":1,"column":726},"end":{"line":28,"column":3}}]}},"b":{"0":[0]},"fnMap":{"0":{"name":"(empty-report)","decl":{"start":{"line":1,"column":726},"end":{"line":28,"column":3}},"loc":{"start":{"line":1,"column":726},"end":{"line":28,"column":3}},"line":1}},"f":{"0":0}}}}